[0.008s] Invoking command in '/home/arnaudgrd/INF3995/INF3995-Templates/project_ws/build/ros_gz_example_description': CMAKE_PREFIX_PATH=/opt/ros/humble /usr/bin/cmake /home/arnaudgrd/INF3995/INF3995-Templates/project_ws/src/ros_gz_example_description -DBUILD_TESTING=ON -DCMAKE_INSTALL_PREFIX=/home/arnaudgrd/INF3995/INF3995-Templates/project_ws/install/ros_gz_example_description
[0.019s] -- Found ament_cmake: 1.3.12 (/opt/ros/humble/share/ament_cmake/cmake)
[0.126s] -- Found Python3: /usr/bin/python3 (found version "3.10.12") found components: Interpreter 
[0.180s] -- Found ament_lint_auto: 0.12.14 (/opt/ros/humble/share/ament_lint_auto/cmake)
[0.221s] -- Configuring done
[0.222s] -- Generating done
[0.223s] -- Build files have been written to: /home/arnaudgrd/INF3995/INF3995-Templates/project_ws/build/ros_gz_example_description
[0.225s] Invoked command in '/home/arnaudgrd/INF3995/INF3995-Templates/project_ws/build/ros_gz_example_description' returned '0': CMAKE_PREFIX_PATH=/opt/ros/humble /usr/bin/cmake /home/arnaudgrd/INF3995/INF3995-Templates/project_ws/src/ros_gz_example_description -DBUILD_TESTING=ON -DCMAKE_INSTALL_PREFIX=/home/arnaudgrd/INF3995/INF3995-Templates/project_ws/install/ros_gz_example_description
[0.226s] Invoking command in '/home/arnaudgrd/INF3995/INF3995-Templates/project_ws/build/ros_gz_example_description': CMAKE_PREFIX_PATH=/opt/ros/humble /usr/bin/cmake --build /home/arnaudgrd/INF3995/INF3995-Templates/project_ws/build/ros_gz_example_description -- -j16 -l16
[0.256s] Invoked command in '/home/arnaudgrd/INF3995/INF3995-Templates/project_ws/build/ros_gz_example_description' returned '0': CMAKE_PREFIX_PATH=/opt/ros/humble /usr/bin/cmake --build /home/arnaudgrd/INF3995/INF3995-Templates/project_ws/build/ros_gz_example_description -- -j16 -l16
[0.264s] Invoking command in '/home/arnaudgrd/INF3995/INF3995-Templates/project_ws/build/ros_gz_example_description': CMAKE_PREFIX_PATH=/opt/ros/humble /usr/bin/cmake --install /home/arnaudgrd/INF3995/INF3995-Templates/project_ws/build/ros_gz_example_description
[0.269s] -- Install configuration: ""
[0.269s] -- Installing: /home/arnaudgrd/INF3995/INF3995-Templates/project_ws/install/ros_gz_example_description/share/ros_gz_example_description/models
[0.269s] -- Installing: /home/arnaudgrd/INF3995/INF3995-Templates/project_ws/install/ros_gz_example_description/share/ros_gz_example_description/models/limo_diff_drive
[0.269s] -- Installing: /home/arnaudgrd/INF3995/INF3995-Templates/project_ws/install/ros_gz_example_description/share/ros_gz_example_description/models/limo_diff_drive/meshes
[0.269s] -- Installing: /home/arnaudgrd/INF3995/INF3995-Templates/project_ws/install/ros_gz_example_description/share/ros_gz_example_description/models/limo_diff_drive/meshes/limo_base.stl
[0.310s] -- Installing: /home/arnaudgrd/INF3995/INF3995-Templates/project_ws/install/ros_gz_example_description/share/ros_gz_example_description/models/limo_diff_drive/meshes/limo_wheel.stl
[0.318s] -- Installing: /home/arnaudgrd/INF3995/INF3995-Templates/project_ws/install/ros_gz_example_description/share/ros_gz_example_description/models/limo_diff_drive/meshes/limo_wheel.dae
[0.332s] -- Installing: /home/arnaudgrd/INF3995/INF3995-Templates/project_ws/install/ros_gz_example_description/share/ros_gz_example_description/models/limo_diff_drive/meshes/limo_base.dae
[0.384s] -- Installing: /home/arnaudgrd/INF3995/INF3995-Templates/project_ws/install/ros_gz_example_description/share/ros_gz_example_description/models/limo_diff_drive/model.sdf
[0.385s] -- Installing: /home/arnaudgrd/INF3995/INF3995-Templates/project_ws/install/ros_gz_example_description/share/ros_gz_example_description/models/limo_diff_drive/model.config
[0.385s] -- Installing: /home/arnaudgrd/INF3995/INF3995-Templates/project_ws/install/ros_gz_example_description/share/ros_gz_example_description/models/limo_ackerman
[0.385s] -- Installing: /home/arnaudgrd/INF3995/INF3995-Templates/project_ws/install/ros_gz_example_description/share/ros_gz_example_description/models/limo_ackerman/meshes
[0.385s] -- Installing: /home/arnaudgrd/INF3995/INF3995-Templates/project_ws/install/ros_gz_example_description/share/ros_gz_example_description/models/limo_ackerman/meshes/limo_base.stl
[0.425s] -- Installing: /home/arnaudgrd/INF3995/INF3995-Templates/project_ws/install/ros_gz_example_description/share/ros_gz_example_description/models/limo_ackerman/meshes/limo_wheel.stl
[0.434s] -- Installing: /home/arnaudgrd/INF3995/INF3995-Templates/project_ws/install/ros_gz_example_description/share/ros_gz_example_description/models/limo_ackerman/meshes/limo_wheel.dae
[0.448s] -- Installing: /home/arnaudgrd/INF3995/INF3995-Templates/project_ws/install/ros_gz_example_description/share/ros_gz_example_description/models/limo_ackerman/meshes/limo_base.dae
[0.501s] -- Installing: /home/arnaudgrd/INF3995/INF3995-Templates/project_ws/install/ros_gz_example_description/share/ros_gz_example_description/models/limo_ackerman/model.sdf
[0.501s] -- Installing: /home/arnaudgrd/INF3995/INF3995-Templates/project_ws/install/ros_gz_example_description/share/ros_gz_example_description/models/limo_ackerman/model.config
[0.502s] -- Installing: /home/arnaudgrd/INF3995/INF3995-Templates/project_ws/install/ros_gz_example_description/share/ros_gz_example_description/environment/ros_gz_example_description.dsv
[0.502s] -- Installing: /home/arnaudgrd/INF3995/INF3995-Templates/project_ws/install/ros_gz_example_description/share/ros_gz_example_description/environment/ros_gz_example_description.sh
[0.502s] -- Installing: /home/arnaudgrd/INF3995/INF3995-Templates/project_ws/install/ros_gz_example_description/share/ament_index/resource_index/package_run_dependencies/ros_gz_example_description
[0.502s] -- Installing: /home/arnaudgrd/INF3995/INF3995-Templates/project_ws/install/ros_gz_example_description/share/ament_index/resource_index/parent_prefix_path/ros_gz_example_description
[0.502s] -- Installing: /home/arnaudgrd/INF3995/INF3995-Templates/project_ws/install/ros_gz_example_description/share/ros_gz_example_description/environment/ament_prefix_path.sh
[0.502s] -- Installing: /home/arnaudgrd/INF3995/INF3995-Templates/project_ws/install/ros_gz_example_description/share/ros_gz_example_description/environment/ament_prefix_path.dsv
[0.502s] -- Installing: /home/arnaudgrd/INF3995/INF3995-Templates/project_ws/install/ros_gz_example_description/share/ros_gz_example_description/environment/path.sh
[0.502s] -- Installing: /home/arnaudgrd/INF3995/INF3995-Templates/project_ws/install/ros_gz_example_description/share/ros_gz_example_description/environment/path.dsv
[0.502s] -- Installing: /home/arnaudgrd/INF3995/INF3995-Templates/project_ws/install/ros_gz_example_description/share/ros_gz_example_description/local_setup.bash
[0.502s] -- Installing: /home/arnaudgrd/INF3995/INF3995-Templates/project_ws/install/ros_gz_example_description/share/ros_gz_example_description/local_setup.sh
[0.502s] -- Installing: /home/arnaudgrd/INF3995/INF3995-Templates/project_ws/install/ros_gz_example_description/share/ros_gz_example_description/local_setup.zsh
[0.503s] -- Installing: /home/arnaudgrd/INF3995/INF3995-Templates/project_ws/install/ros_gz_example_description/share/ros_gz_example_description/local_setup.dsv
[0.503s] -- Installing: /home/arnaudgrd/INF3995/INF3995-Templates/project_ws/install/ros_gz_example_description/share/ros_gz_example_description/package.dsv
[0.503s] -- Installing: /home/arnaudgrd/INF3995/INF3995-Templates/project_ws/install/ros_gz_example_description/share/ament_index/resource_index/packages/ros_gz_example_description
[0.503s] -- Installing: /home/arnaudgrd/INF3995/INF3995-Templates/project_ws/install/ros_gz_example_description/share/ros_gz_example_description/cmake/ros_gz_example_descriptionConfig.cmake
[0.503s] -- Installing: /home/arnaudgrd/INF3995/INF3995-Templates/project_ws/install/ros_gz_example_description/share/ros_gz_example_description/cmake/ros_gz_example_descriptionConfig-version.cmake
[0.503s] -- Installing: /home/arnaudgrd/INF3995/INF3995-Templates/project_ws/install/ros_gz_example_description/share/ros_gz_example_description/package.xml
[0.505s] Invoked command in '/home/arnaudgrd/INF3995/INF3995-Templates/project_ws/build/ros_gz_example_description' returned '0': CMAKE_PREFIX_PATH=/opt/ros/humble /usr/bin/cmake --install /home/arnaudgrd/INF3995/INF3995-Templates/project_ws/build/ros_gz_example_description
