[0.005s] Invoking command in '/home/arnaudgrd/INF3995/INF3995-Templates/project_ws/build/ros_gz_example_bringup': AMENT_PREFIX_PATH=/home/arnaudgrd/INF3995/INF3995-Templates/project_ws/install/ros_gz_example_gazebo:/home/arnaudgrd/INF3995/INF3995-Templates/project_ws/install/ros_gz_example_description:${AMENT_PREFIX_PATH} CMAKE_PREFIX_PATH=/home/arnaudgrd/INF3995/INF3995-Templates/project_ws/install/ros_gz_example_gazebo:/home/arnaudgrd/INF3995/INF3995-Templates/project_ws/install/ros_gz_example_description:/opt/ros/humble IGN_GAZEBO_PLUGIN_PATH=/home/arnaudgrd/INF3995/INF3995-Templates/project_ws/install/ros_gz_example_gazebo/lib/ros_gz_example_gazebo IGN_GAZEBO_RESOURCE_PATH=/home/arnaudgrd/INF3995/INF3995-Templates/project_ws/install/ros_gz_example_gazebo/share/ros_gz_example_gazebo/worlds:/home/arnaudgrd/INF3995/INF3995-Templates/project_ws/install/ros_gz_example_description/share/ros_gz_example_description/models /usr/bin/cmake /home/arnaudgrd/INF3995/INF3995-Templates/project_ws/src/ros_gz_example_bringup -DBUILD_TESTING=ON -DCMAKE_INSTALL_PREFIX=/home/arnaudgrd/INF3995/INF3995-Templates/project_ws/install/ros_gz_example_bringup
[0.048s] -- The C compiler identification is GNU 11.4.0
[0.086s] -- The CXX compiler identification is GNU 11.4.0
[0.091s] -- Detecting C compiler ABI info
[0.149s] -- Detecting C compiler ABI info - done
[0.156s] -- Check for working C compiler: /usr/bin/cc - skipped
[0.156s] -- Detecting C compile features
[0.156s] -- Detecting C compile features - done
[0.158s] -- Detecting CXX compiler ABI info
[0.214s] -- Detecting CXX compiler ABI info - done
[0.221s] -- Check for working CXX compiler: /usr/bin/c++ - skipped
[0.221s] -- Detecting CXX compile features
[0.221s] -- Detecting CXX compile features - done
[0.222s] -- Found ament_cmake: 1.3.12 (/opt/ros/humble/share/ament_cmake/cmake)
[0.325s] -- Found Python3: /usr/bin/python3 (found version "3.10.12") found components: Interpreter 
[0.377s] -- Found ros_gz_example_description: 0.0.0 (/home/arnaudgrd/INF3995/INF3995-Templates/project_ws/install/ros_gz_example_description/share/ros_gz_example_description/cmake)
[0.377s] -- Found ros_gz_example_gazebo: 0.0.0 (/home/arnaudgrd/INF3995/INF3995-Templates/project_ws/install/ros_gz_example_gazebo/share/ros_gz_example_gazebo/cmake)
[0.377s] -- Found ament_lint_auto: 0.12.14 (/opt/ros/humble/share/ament_lint_auto/cmake)
[0.419s] -- Configuring done
[0.420s] -- Generating done
[0.421s] -- Build files have been written to: /home/arnaudgrd/INF3995/INF3995-Templates/project_ws/build/ros_gz_example_bringup
[0.424s] Invoked command in '/home/arnaudgrd/INF3995/INF3995-Templates/project_ws/build/ros_gz_example_bringup' returned '0': AMENT_PREFIX_PATH=/home/arnaudgrd/INF3995/INF3995-Templates/project_ws/install/ros_gz_example_gazebo:/home/arnaudgrd/INF3995/INF3995-Templates/project_ws/install/ros_gz_example_description:${AMENT_PREFIX_PATH} CMAKE_PREFIX_PATH=/home/arnaudgrd/INF3995/INF3995-Templates/project_ws/install/ros_gz_example_gazebo:/home/arnaudgrd/INF3995/INF3995-Templates/project_ws/install/ros_gz_example_description:/opt/ros/humble IGN_GAZEBO_PLUGIN_PATH=/home/arnaudgrd/INF3995/INF3995-Templates/project_ws/install/ros_gz_example_gazebo/lib/ros_gz_example_gazebo IGN_GAZEBO_RESOURCE_PATH=/home/arnaudgrd/INF3995/INF3995-Templates/project_ws/install/ros_gz_example_gazebo/share/ros_gz_example_gazebo/worlds:/home/arnaudgrd/INF3995/INF3995-Templates/project_ws/install/ros_gz_example_description/share/ros_gz_example_description/models /usr/bin/cmake /home/arnaudgrd/INF3995/INF3995-Templates/project_ws/src/ros_gz_example_bringup -DBUILD_TESTING=ON -DCMAKE_INSTALL_PREFIX=/home/arnaudgrd/INF3995/INF3995-Templates/project_ws/install/ros_gz_example_bringup
[0.425s] Invoking command in '/home/arnaudgrd/INF3995/INF3995-Templates/project_ws/build/ros_gz_example_bringup': AMENT_PREFIX_PATH=/home/arnaudgrd/INF3995/INF3995-Templates/project_ws/install/ros_gz_example_gazebo:/home/arnaudgrd/INF3995/INF3995-Templates/project_ws/install/ros_gz_example_description:${AMENT_PREFIX_PATH} CMAKE_PREFIX_PATH=/home/arnaudgrd/INF3995/INF3995-Templates/project_ws/install/ros_gz_example_gazebo:/home/arnaudgrd/INF3995/INF3995-Templates/project_ws/install/ros_gz_example_description:/opt/ros/humble IGN_GAZEBO_PLUGIN_PATH=/home/arnaudgrd/INF3995/INF3995-Templates/project_ws/install/ros_gz_example_gazebo/lib/ros_gz_example_gazebo IGN_GAZEBO_RESOURCE_PATH=/home/arnaudgrd/INF3995/INF3995-Templates/project_ws/install/ros_gz_example_gazebo/share/ros_gz_example_gazebo/worlds:/home/arnaudgrd/INF3995/INF3995-Templates/project_ws/install/ros_gz_example_description/share/ros_gz_example_description/models /usr/bin/cmake --build /home/arnaudgrd/INF3995/INF3995-Templates/project_ws/build/ros_gz_example_bringup -- -j16 -l16
[0.454s] Invoked command in '/home/arnaudgrd/INF3995/INF3995-Templates/project_ws/build/ros_gz_example_bringup' returned '0': AMENT_PREFIX_PATH=/home/arnaudgrd/INF3995/INF3995-Templates/project_ws/install/ros_gz_example_gazebo:/home/arnaudgrd/INF3995/INF3995-Templates/project_ws/install/ros_gz_example_description:${AMENT_PREFIX_PATH} CMAKE_PREFIX_PATH=/home/arnaudgrd/INF3995/INF3995-Templates/project_ws/install/ros_gz_example_gazebo:/home/arnaudgrd/INF3995/INF3995-Templates/project_ws/install/ros_gz_example_description:/opt/ros/humble IGN_GAZEBO_PLUGIN_PATH=/home/arnaudgrd/INF3995/INF3995-Templates/project_ws/install/ros_gz_example_gazebo/lib/ros_gz_example_gazebo IGN_GAZEBO_RESOURCE_PATH=/home/arnaudgrd/INF3995/INF3995-Templates/project_ws/install/ros_gz_example_gazebo/share/ros_gz_example_gazebo/worlds:/home/arnaudgrd/INF3995/INF3995-Templates/project_ws/install/ros_gz_example_description/share/ros_gz_example_description/models /usr/bin/cmake --build /home/arnaudgrd/INF3995/INF3995-Templates/project_ws/build/ros_gz_example_bringup -- -j16 -l16
[0.455s] Invoking command in '/home/arnaudgrd/INF3995/INF3995-Templates/project_ws/build/ros_gz_example_bringup': AMENT_PREFIX_PATH=/home/arnaudgrd/INF3995/INF3995-Templates/project_ws/install/ros_gz_example_gazebo:/home/arnaudgrd/INF3995/INF3995-Templates/project_ws/install/ros_gz_example_description:${AMENT_PREFIX_PATH} CMAKE_PREFIX_PATH=/home/arnaudgrd/INF3995/INF3995-Templates/project_ws/install/ros_gz_example_gazebo:/home/arnaudgrd/INF3995/INF3995-Templates/project_ws/install/ros_gz_example_description:/opt/ros/humble IGN_GAZEBO_PLUGIN_PATH=/home/arnaudgrd/INF3995/INF3995-Templates/project_ws/install/ros_gz_example_gazebo/lib/ros_gz_example_gazebo IGN_GAZEBO_RESOURCE_PATH=/home/arnaudgrd/INF3995/INF3995-Templates/project_ws/install/ros_gz_example_gazebo/share/ros_gz_example_gazebo/worlds:/home/arnaudgrd/INF3995/INF3995-Templates/project_ws/install/ros_gz_example_description/share/ros_gz_example_description/models /usr/bin/cmake --install /home/arnaudgrd/INF3995/INF3995-Templates/project_ws/build/ros_gz_example_bringup
[0.460s] -- Install configuration: ""
[0.460s] -- Installing: /home/arnaudgrd/INF3995/INF3995-Templates/project_ws/install/ros_gz_example_bringup/share/ros_gz_example_bringup/launch
[0.460s] -- Installing: /home/arnaudgrd/INF3995/INF3995-Templates/project_ws/install/ros_gz_example_bringup/share/ros_gz_example_bringup/launch/diff_drive.launch.py
[0.460s] -- Installing: /home/arnaudgrd/INF3995/INF3995-Templates/project_ws/install/ros_gz_example_bringup/share/ros_gz_example_bringup/config
[0.460s] -- Installing: /home/arnaudgrd/INF3995/INF3995-Templates/project_ws/install/ros_gz_example_bringup/share/ros_gz_example_bringup/config/diff_drive.rviz
[0.461s] -- Installing: /home/arnaudgrd/INF3995/INF3995-Templates/project_ws/install/ros_gz_example_bringup/share/ros_gz_example_bringup/config/limo_diff_drive.rviz
[0.461s] -- Installing: /home/arnaudgrd/INF3995/INF3995-Templates/project_ws/install/ros_gz_example_bringup/share/ros_gz_example_bringup/config/cartographer_2d.lua
[0.461s] -- Installing: /home/arnaudgrd/INF3995/INF3995-Templates/project_ws/install/ros_gz_example_bringup/share/ros_gz_example_bringup/config/ros_gz_example_bridge.yaml
[0.462s] -- Installing: /home/arnaudgrd/INF3995/INF3995-Templates/project_ws/install/ros_gz_example_bringup/share/ament_index/resource_index/package_run_dependencies/ros_gz_example_bringup
[0.462s] -- Installing: /home/arnaudgrd/INF3995/INF3995-Templates/project_ws/install/ros_gz_example_bringup/share/ament_index/resource_index/parent_prefix_path/ros_gz_example_bringup
[0.462s] -- Installing: /home/arnaudgrd/INF3995/INF3995-Templates/project_ws/install/ros_gz_example_bringup/share/ros_gz_example_bringup/environment/ament_prefix_path.sh
[0.462s] -- Installing: /home/arnaudgrd/INF3995/INF3995-Templates/project_ws/install/ros_gz_example_bringup/share/ros_gz_example_bringup/environment/ament_prefix_path.dsv
[0.462s] -- Installing: /home/arnaudgrd/INF3995/INF3995-Templates/project_ws/install/ros_gz_example_bringup/share/ros_gz_example_bringup/environment/path.sh
[0.462s] -- Installing: /home/arnaudgrd/INF3995/INF3995-Templates/project_ws/install/ros_gz_example_bringup/share/ros_gz_example_bringup/environment/path.dsv
[0.463s] -- Installing: /home/arnaudgrd/INF3995/INF3995-Templates/project_ws/install/ros_gz_example_bringup/share/ros_gz_example_bringup/local_setup.bash
[0.463s] -- Installing: /home/arnaudgrd/INF3995/INF3995-Templates/project_ws/install/ros_gz_example_bringup/share/ros_gz_example_bringup/local_setup.sh
[0.463s] -- Installing: /home/arnaudgrd/INF3995/INF3995-Templates/project_ws/install/ros_gz_example_bringup/share/ros_gz_example_bringup/local_setup.zsh
[0.463s] -- Installing: /home/arnaudgrd/INF3995/INF3995-Templates/project_ws/install/ros_gz_example_bringup/share/ros_gz_example_bringup/local_setup.dsv
[0.463s] -- Installing: /home/arnaudgrd/INF3995/INF3995-Templates/project_ws/install/ros_gz_example_bringup/share/ros_gz_example_bringup/package.dsv
[0.463s] -- Installing: /home/arnaudgrd/INF3995/INF3995-Templates/project_ws/install/ros_gz_example_bringup/share/ament_index/resource_index/packages/ros_gz_example_bringup
[0.463s] -- Installing: /home/arnaudgrd/INF3995/INF3995-Templates/project_ws/install/ros_gz_example_bringup/share/ros_gz_example_bringup/cmake/ros_gz_example_bringupConfig.cmake
[0.463s] -- Installing: /home/arnaudgrd/INF3995/INF3995-Templates/project_ws/install/ros_gz_example_bringup/share/ros_gz_example_bringup/cmake/ros_gz_example_bringupConfig-version.cmake
[0.463s] -- Installing: /home/arnaudgrd/INF3995/INF3995-Templates/project_ws/install/ros_gz_example_bringup/share/ros_gz_example_bringup/package.xml
[0.465s] Invoked command in '/home/arnaudgrd/INF3995/INF3995-Templates/project_ws/build/ros_gz_example_bringup' returned '0': AMENT_PREFIX_PATH=/home/arnaudgrd/INF3995/INF3995-Templates/project_ws/install/ros_gz_example_gazebo:/home/arnaudgrd/INF3995/INF3995-Templates/project_ws/install/ros_gz_example_description:${AMENT_PREFIX_PATH} CMAKE_PREFIX_PATH=/home/arnaudgrd/INF3995/INF3995-Templates/project_ws/install/ros_gz_example_gazebo:/home/arnaudgrd/INF3995/INF3995-Templates/project_ws/install/ros_gz_example_description:/opt/ros/humble IGN_GAZEBO_PLUGIN_PATH=/home/arnaudgrd/INF3995/INF3995-Templates/project_ws/install/ros_gz_example_gazebo/lib/ros_gz_example_gazebo IGN_GAZEBO_RESOURCE_PATH=/home/arnaudgrd/INF3995/INF3995-Templates/project_ws/install/ros_gz_example_gazebo/share/ros_gz_example_gazebo/worlds:/home/arnaudgrd/INF3995/INF3995-Templates/project_ws/install/ros_gz_example_description/share/ros_gz_example_description/models /usr/bin/cmake --install /home/arnaudgrd/INF3995/INF3995-Templates/project_ws/build/ros_gz_example_bringup
