[0.074s] DEBUG:colcon:Command line arguments: ['/usr/local/bin/colcon', 'build', '--cmake-args', '-DBUILD_TESTING=ON']
[0.075s] DEBUG:colcon:Parsed command line arguments: Namespace(log_base=None, log_level=None, verb_name='build', build_base='build', install_base='install', merge_install=False, symlink_install=False, test_result_base=None, continue_on_error=False, executor='parallel', parallel_workers=16, event_handlers=None, ignore_user_meta=False, metas=['./colcon.meta'], base_paths=['.'], packages_ignore=None, packages_ignore_regex=None, paths=None, packages_up_to=None, packages_up_to_regex=None, packages_above=None, packages_above_and_dependencies=None, packages_above_depth=None, packages_select_by_dep=None, packages_skip_by_dep=None, packages_skip_up_to=None, packages_select_build_failed=False, packages_skip_build_finished=False, packages_select_test_failures=False, packages_skip_test_passed=False, packages_select=None, packages_skip=None, packages_select_regex=None, packages_skip_regex=None, packages_start=None, packages_end=None, cmake_args=['-DBUILD_TESTING=ON'], cmake_target=None, cmake_target_skip_unavailable=False, cmake_clean_cache=False, cmake_clean_first=False, cmake_force_configure=False, ament_cmake_args=None, catkin_cmake_args=None, catkin_skip_building_tests=False, verb_parser=<colcon_defaults.argument_parser.defaults.DefaultArgumentsDecorator object at 0x7b389f065ea0>, verb_extension=<colcon_core.verb.build.BuildVerb object at 0x7b389f065a20>, main=<bound method BuildVerb.main of <colcon_core.verb.build.BuildVerb object at 0x7b389f065a20>>)
[0.143s] Level 1:colcon.colcon_core.package_discovery:discover_packages(colcon_meta) check parameters
[0.143s] Level 1:colcon.colcon_core.package_discovery:discover_packages(recursive) check parameters
[0.143s] Level 1:colcon.colcon_core.package_discovery:discover_packages(ignore) check parameters
[0.143s] Level 1:colcon.colcon_core.package_discovery:discover_packages(path) check parameters
[0.143s] Level 1:colcon.colcon_core.package_discovery:discover_packages(colcon_meta) discover
[0.143s] Level 1:colcon.colcon_core.package_discovery:discover_packages(recursive) discover
[0.143s] INFO:colcon.colcon_core.package_discovery:Crawling recursively for packages in '/home/arnaudgrd/INF3995/INF3995-Templates/project_ws'
[0.143s] Level 1:colcon.colcon_core.package_identification:_identify(.) by extensions ['ignore', 'ignore_ament_install']
[0.143s] Level 1:colcon.colcon_core.package_identification:_identify(.) by extension 'ignore'
[0.143s] Level 1:colcon.colcon_core.package_identification:_identify(.) by extension 'ignore_ament_install'
[0.143s] Level 1:colcon.colcon_core.package_identification:_identify(.) by extensions ['colcon_pkg']
[0.143s] Level 1:colcon.colcon_core.package_identification:_identify(.) by extension 'colcon_pkg'
[0.143s] Level 1:colcon.colcon_core.package_identification:_identify(.) by extensions ['colcon_meta']
[0.143s] Level 1:colcon.colcon_core.package_identification:_identify(.) by extension 'colcon_meta'
[0.143s] Level 1:colcon.colcon_core.package_identification:_identify(.) by extensions ['ros']
[0.143s] Level 1:colcon.colcon_core.package_identification:_identify(.) by extension 'ros'
[0.149s] Level 1:colcon.colcon_core.package_identification:_identify(.) by extensions ['cmake', 'python']
[0.149s] Level 1:colcon.colcon_core.package_identification:_identify(.) by extension 'cmake'
[0.149s] Level 1:colcon.colcon_core.package_identification:_identify(.) by extension 'python'
[0.149s] Level 1:colcon.colcon_core.package_identification:_identify(.) by extensions ['python_setup_py']
[0.149s] Level 1:colcon.colcon_core.package_identification:_identify(.) by extension 'python_setup_py'
[0.149s] Level 1:colcon.colcon_core.package_identification:_identify(build) by extensions ['ignore', 'ignore_ament_install']
[0.149s] Level 1:colcon.colcon_core.package_identification:_identify(build) by extension 'ignore'
[0.149s] Level 1:colcon.colcon_core.package_identification:_identify(build) ignored
[0.149s] Level 1:colcon.colcon_core.package_identification:_identify(install) by extensions ['ignore', 'ignore_ament_install']
[0.150s] Level 1:colcon.colcon_core.package_identification:_identify(install) by extension 'ignore'
[0.150s] Level 1:colcon.colcon_core.package_identification:_identify(install) ignored
[0.150s] Level 1:colcon.colcon_core.package_identification:_identify(log) by extensions ['ignore', 'ignore_ament_install']
[0.150s] Level 1:colcon.colcon_core.package_identification:_identify(log) by extension 'ignore'
[0.150s] Level 1:colcon.colcon_core.package_identification:_identify(log) ignored
[0.150s] Level 1:colcon.colcon_core.package_identification:_identify(src) by extensions ['ignore', 'ignore_ament_install']
[0.150s] Level 1:colcon.colcon_core.package_identification:_identify(src) by extension 'ignore'
[0.150s] Level 1:colcon.colcon_core.package_identification:_identify(src) by extension 'ignore_ament_install'
[0.150s] Level 1:colcon.colcon_core.package_identification:_identify(src) by extensions ['colcon_pkg']
[0.150s] Level 1:colcon.colcon_core.package_identification:_identify(src) by extension 'colcon_pkg'
[0.150s] Level 1:colcon.colcon_core.package_identification:_identify(src) by extensions ['colcon_meta']
[0.150s] Level 1:colcon.colcon_core.package_identification:_identify(src) by extension 'colcon_meta'
[0.150s] Level 1:colcon.colcon_core.package_identification:_identify(src) by extensions ['ros']
[0.150s] Level 1:colcon.colcon_core.package_identification:_identify(src) by extension 'ros'
[0.150s] Level 1:colcon.colcon_core.package_identification:_identify(src) by extensions ['cmake', 'python']
[0.150s] Level 1:colcon.colcon_core.package_identification:_identify(src) by extension 'cmake'
[0.150s] Level 1:colcon.colcon_core.package_identification:_identify(src) by extension 'python'
[0.150s] Level 1:colcon.colcon_core.package_identification:_identify(src) by extensions ['python_setup_py']
[0.150s] Level 1:colcon.colcon_core.package_identification:_identify(src) by extension 'python_setup_py'
[0.150s] Level 1:colcon.colcon_core.package_identification:_identify(src/ros_gz_example_application) by extensions ['ignore', 'ignore_ament_install']
[0.150s] Level 1:colcon.colcon_core.package_identification:_identify(src/ros_gz_example_application) by extension 'ignore'
[0.150s] Level 1:colcon.colcon_core.package_identification:_identify(src/ros_gz_example_application) by extension 'ignore_ament_install'
[0.150s] Level 1:colcon.colcon_core.package_identification:_identify(src/ros_gz_example_application) by extensions ['colcon_pkg']
[0.150s] Level 1:colcon.colcon_core.package_identification:_identify(src/ros_gz_example_application) by extension 'colcon_pkg'
[0.150s] Level 1:colcon.colcon_core.package_identification:_identify(src/ros_gz_example_application) by extensions ['colcon_meta']
[0.150s] Level 1:colcon.colcon_core.package_identification:_identify(src/ros_gz_example_application) by extension 'colcon_meta'
[0.150s] Level 1:colcon.colcon_core.package_identification:_identify(src/ros_gz_example_application) by extensions ['ros']
[0.150s] Level 1:colcon.colcon_core.package_identification:_identify(src/ros_gz_example_application) by extension 'ros'
[0.151s] DEBUG:colcon.colcon_core.package_identification:Package 'src/ros_gz_example_application' with type 'ros.ament_cmake' and name 'ros_gz_example_application'
[0.152s] Level 1:colcon.colcon_core.package_identification:_identify(src/ros_gz_example_bringup) by extensions ['ignore', 'ignore_ament_install']
[0.152s] Level 1:colcon.colcon_core.package_identification:_identify(src/ros_gz_example_bringup) by extension 'ignore'
[0.152s] Level 1:colcon.colcon_core.package_identification:_identify(src/ros_gz_example_bringup) by extension 'ignore_ament_install'
[0.152s] Level 1:colcon.colcon_core.package_identification:_identify(src/ros_gz_example_bringup) by extensions ['colcon_pkg']
[0.152s] Level 1:colcon.colcon_core.package_identification:_identify(src/ros_gz_example_bringup) by extension 'colcon_pkg'
[0.152s] Level 1:colcon.colcon_core.package_identification:_identify(src/ros_gz_example_bringup) by extensions ['colcon_meta']
[0.152s] Level 1:colcon.colcon_core.package_identification:_identify(src/ros_gz_example_bringup) by extension 'colcon_meta'
[0.152s] Level 1:colcon.colcon_core.package_identification:_identify(src/ros_gz_example_bringup) by extensions ['ros']
[0.152s] Level 1:colcon.colcon_core.package_identification:_identify(src/ros_gz_example_bringup) by extension 'ros'
[0.152s] DEBUG:colcon.colcon_core.package_identification:Package 'src/ros_gz_example_bringup' with type 'ros.ament_cmake' and name 'ros_gz_example_bringup'
[0.152s] Level 1:colcon.colcon_core.package_identification:_identify(src/ros_gz_example_description) by extensions ['ignore', 'ignore_ament_install']
[0.152s] Level 1:colcon.colcon_core.package_identification:_identify(src/ros_gz_example_description) by extension 'ignore'
[0.152s] Level 1:colcon.colcon_core.package_identification:_identify(src/ros_gz_example_description) by extension 'ignore_ament_install'
[0.152s] Level 1:colcon.colcon_core.package_identification:_identify(src/ros_gz_example_description) by extensions ['colcon_pkg']
[0.152s] Level 1:colcon.colcon_core.package_identification:_identify(src/ros_gz_example_description) by extension 'colcon_pkg'
[0.152s] Level 1:colcon.colcon_core.package_identification:_identify(src/ros_gz_example_description) by extensions ['colcon_meta']
[0.152s] Level 1:colcon.colcon_core.package_identification:_identify(src/ros_gz_example_description) by extension 'colcon_meta'
[0.152s] Level 1:colcon.colcon_core.package_identification:_identify(src/ros_gz_example_description) by extensions ['ros']
[0.152s] Level 1:colcon.colcon_core.package_identification:_identify(src/ros_gz_example_description) by extension 'ros'
[0.153s] DEBUG:colcon.colcon_core.package_identification:Package 'src/ros_gz_example_description' with type 'ros.ament_cmake' and name 'ros_gz_example_description'
[0.153s] Level 1:colcon.colcon_core.package_identification:_identify(src/ros_gz_example_gazebo) by extensions ['ignore', 'ignore_ament_install']
[0.153s] Level 1:colcon.colcon_core.package_identification:_identify(src/ros_gz_example_gazebo) by extension 'ignore'
[0.153s] Level 1:colcon.colcon_core.package_identification:_identify(src/ros_gz_example_gazebo) by extension 'ignore_ament_install'
[0.153s] Level 1:colcon.colcon_core.package_identification:_identify(src/ros_gz_example_gazebo) by extensions ['colcon_pkg']
[0.153s] Level 1:colcon.colcon_core.package_identification:_identify(src/ros_gz_example_gazebo) by extension 'colcon_pkg'
[0.153s] Level 1:colcon.colcon_core.package_identification:_identify(src/ros_gz_example_gazebo) by extensions ['colcon_meta']
[0.153s] Level 1:colcon.colcon_core.package_identification:_identify(src/ros_gz_example_gazebo) by extension 'colcon_meta'
[0.153s] Level 1:colcon.colcon_core.package_identification:_identify(src/ros_gz_example_gazebo) by extensions ['ros']
[0.153s] Level 1:colcon.colcon_core.package_identification:_identify(src/ros_gz_example_gazebo) by extension 'ros'
[0.154s] DEBUG:colcon.colcon_core.package_identification:Package 'src/ros_gz_example_gazebo' with type 'ros.ament_cmake' and name 'ros_gz_example_gazebo'
[0.154s] Level 1:colcon.colcon_core.package_discovery:discover_packages(recursive) using defaults
[0.154s] Level 1:colcon.colcon_core.package_discovery:discover_packages(ignore) discover
[0.154s] Level 1:colcon.colcon_core.package_discovery:discover_packages(ignore) using defaults
[0.154s] Level 1:colcon.colcon_core.package_discovery:discover_packages(path) discover
[0.154s] Level 1:colcon.colcon_core.package_discovery:discover_packages(path) using defaults
[0.165s] Level 5:colcon.colcon_core.verb:set package 'ros_gz_example_application' build argument 'cmake_args' from command line to '['-DBUILD_TESTING=ON']'
[0.165s] Level 5:colcon.colcon_core.verb:set package 'ros_gz_example_application' build argument 'cmake_target' from command line to 'None'
[0.165s] Level 5:colcon.colcon_core.verb:set package 'ros_gz_example_application' build argument 'cmake_target_skip_unavailable' from command line to 'False'
[0.165s] Level 5:colcon.colcon_core.verb:set package 'ros_gz_example_application' build argument 'cmake_clean_cache' from command line to 'False'
[0.165s] Level 5:colcon.colcon_core.verb:set package 'ros_gz_example_application' build argument 'cmake_clean_first' from command line to 'False'
[0.165s] Level 5:colcon.colcon_core.verb:set package 'ros_gz_example_application' build argument 'cmake_force_configure' from command line to 'False'
[0.165s] Level 5:colcon.colcon_core.verb:set package 'ros_gz_example_application' build argument 'ament_cmake_args' from command line to 'None'
[0.165s] Level 5:colcon.colcon_core.verb:set package 'ros_gz_example_application' build argument 'catkin_cmake_args' from command line to 'None'
[0.166s] Level 5:colcon.colcon_core.verb:set package 'ros_gz_example_application' build argument 'catkin_skip_building_tests' from command line to 'False'
[0.166s] DEBUG:colcon.colcon_core.verb:Building package 'ros_gz_example_application' with the following arguments: {'ament_cmake_args': None, 'build_base': '/home/arnaudgrd/INF3995/INF3995-Templates/project_ws/build/ros_gz_example_application', 'catkin_cmake_args': None, 'catkin_skip_building_tests': False, 'cmake_args': ['-DBUILD_TESTING=ON'], 'cmake_clean_cache': False, 'cmake_clean_first': False, 'cmake_force_configure': False, 'cmake_target': None, 'cmake_target_skip_unavailable': False, 'install_base': '/home/arnaudgrd/INF3995/INF3995-Templates/project_ws/install/ros_gz_example_application', 'merge_install': False, 'path': '/home/arnaudgrd/INF3995/INF3995-Templates/project_ws/src/ros_gz_example_application', 'symlink_install': False, 'test_result_base': None}
[0.166s] Level 5:colcon.colcon_core.verb:set package 'ros_gz_example_description' build argument 'cmake_args' from command line to '['-DBUILD_TESTING=ON']'
[0.166s] Level 5:colcon.colcon_core.verb:set package 'ros_gz_example_description' build argument 'cmake_target' from command line to 'None'
[0.166s] Level 5:colcon.colcon_core.verb:set package 'ros_gz_example_description' build argument 'cmake_target_skip_unavailable' from command line to 'False'
[0.166s] Level 5:colcon.colcon_core.verb:set package 'ros_gz_example_description' build argument 'cmake_clean_cache' from command line to 'False'
[0.166s] Level 5:colcon.colcon_core.verb:set package 'ros_gz_example_description' build argument 'cmake_clean_first' from command line to 'False'
[0.166s] Level 5:colcon.colcon_core.verb:set package 'ros_gz_example_description' build argument 'cmake_force_configure' from command line to 'False'
[0.166s] Level 5:colcon.colcon_core.verb:set package 'ros_gz_example_description' build argument 'ament_cmake_args' from command line to 'None'
[0.166s] Level 5:colcon.colcon_core.verb:set package 'ros_gz_example_description' build argument 'catkin_cmake_args' from command line to 'None'
[0.166s] Level 5:colcon.colcon_core.verb:set package 'ros_gz_example_description' build argument 'catkin_skip_building_tests' from command line to 'False'
[0.166s] DEBUG:colcon.colcon_core.verb:Building package 'ros_gz_example_description' with the following arguments: {'ament_cmake_args': None, 'build_base': '/home/arnaudgrd/INF3995/INF3995-Templates/project_ws/build/ros_gz_example_description', 'catkin_cmake_args': None, 'catkin_skip_building_tests': False, 'cmake_args': ['-DBUILD_TESTING=ON'], 'cmake_clean_cache': False, 'cmake_clean_first': False, 'cmake_force_configure': False, 'cmake_target': None, 'cmake_target_skip_unavailable': False, 'install_base': '/home/arnaudgrd/INF3995/INF3995-Templates/project_ws/install/ros_gz_example_description', 'merge_install': False, 'path': '/home/arnaudgrd/INF3995/INF3995-Templates/project_ws/src/ros_gz_example_description', 'symlink_install': False, 'test_result_base': None}
[0.166s] Level 5:colcon.colcon_core.verb:set package 'ros_gz_example_gazebo' build argument 'cmake_args' from command line to '['-DBUILD_TESTING=ON']'
[0.166s] Level 5:colcon.colcon_core.verb:set package 'ros_gz_example_gazebo' build argument 'cmake_target' from command line to 'None'
[0.166s] Level 5:colcon.colcon_core.verb:set package 'ros_gz_example_gazebo' build argument 'cmake_target_skip_unavailable' from command line to 'False'
[0.166s] Level 5:colcon.colcon_core.verb:set package 'ros_gz_example_gazebo' build argument 'cmake_clean_cache' from command line to 'False'
[0.166s] Level 5:colcon.colcon_core.verb:set package 'ros_gz_example_gazebo' build argument 'cmake_clean_first' from command line to 'False'
[0.166s] Level 5:colcon.colcon_core.verb:set package 'ros_gz_example_gazebo' build argument 'cmake_force_configure' from command line to 'False'
[0.166s] Level 5:colcon.colcon_core.verb:set package 'ros_gz_example_gazebo' build argument 'ament_cmake_args' from command line to 'None'
[0.166s] Level 5:colcon.colcon_core.verb:set package 'ros_gz_example_gazebo' build argument 'catkin_cmake_args' from command line to 'None'
[0.166s] Level 5:colcon.colcon_core.verb:set package 'ros_gz_example_gazebo' build argument 'catkin_skip_building_tests' from command line to 'False'
[0.166s] DEBUG:colcon.colcon_core.verb:Building package 'ros_gz_example_gazebo' with the following arguments: {'ament_cmake_args': None, 'build_base': '/home/arnaudgrd/INF3995/INF3995-Templates/project_ws/build/ros_gz_example_gazebo', 'catkin_cmake_args': None, 'catkin_skip_building_tests': False, 'cmake_args': ['-DBUILD_TESTING=ON'], 'cmake_clean_cache': False, 'cmake_clean_first': False, 'cmake_force_configure': False, 'cmake_target': None, 'cmake_target_skip_unavailable': False, 'install_base': '/home/arnaudgrd/INF3995/INF3995-Templates/project_ws/install/ros_gz_example_gazebo', 'merge_install': False, 'path': '/home/arnaudgrd/INF3995/INF3995-Templates/project_ws/src/ros_gz_example_gazebo', 'symlink_install': False, 'test_result_base': None}
[0.166s] Level 5:colcon.colcon_core.verb:set package 'ros_gz_example_bringup' build argument 'cmake_args' from command line to '['-DBUILD_TESTING=ON']'
[0.166s] Level 5:colcon.colcon_core.verb:set package 'ros_gz_example_bringup' build argument 'cmake_target' from command line to 'None'
[0.166s] Level 5:colcon.colcon_core.verb:set package 'ros_gz_example_bringup' build argument 'cmake_target_skip_unavailable' from command line to 'False'
[0.166s] Level 5:colcon.colcon_core.verb:set package 'ros_gz_example_bringup' build argument 'cmake_clean_cache' from command line to 'False'
[0.166s] Level 5:colcon.colcon_core.verb:set package 'ros_gz_example_bringup' build argument 'cmake_clean_first' from command line to 'False'
[0.166s] Level 5:colcon.colcon_core.verb:set package 'ros_gz_example_bringup' build argument 'cmake_force_configure' from command line to 'False'
[0.166s] Level 5:colcon.colcon_core.verb:set package 'ros_gz_example_bringup' build argument 'ament_cmake_args' from command line to 'None'
[0.166s] Level 5:colcon.colcon_core.verb:set package 'ros_gz_example_bringup' build argument 'catkin_cmake_args' from command line to 'None'
[0.166s] Level 5:colcon.colcon_core.verb:set package 'ros_gz_example_bringup' build argument 'catkin_skip_building_tests' from command line to 'False'
[0.166s] DEBUG:colcon.colcon_core.verb:Building package 'ros_gz_example_bringup' with the following arguments: {'ament_cmake_args': None, 'build_base': '/home/arnaudgrd/INF3995/INF3995-Templates/project_ws/build/ros_gz_example_bringup', 'catkin_cmake_args': None, 'catkin_skip_building_tests': False, 'cmake_args': ['-DBUILD_TESTING=ON'], 'cmake_clean_cache': False, 'cmake_clean_first': False, 'cmake_force_configure': False, 'cmake_target': None, 'cmake_target_skip_unavailable': False, 'install_base': '/home/arnaudgrd/INF3995/INF3995-Templates/project_ws/install/ros_gz_example_bringup', 'merge_install': False, 'path': '/home/arnaudgrd/INF3995/INF3995-Templates/project_ws/src/ros_gz_example_bringup', 'symlink_install': False, 'test_result_base': None}
[0.166s] INFO:colcon.colcon_core.executor:Executing jobs using 'parallel' executor
[0.167s] DEBUG:colcon.colcon_parallel_executor.executor.parallel:run_until_complete
[0.167s] INFO:colcon.colcon_ros.task.ament_cmake.build:Building ROS package in '/home/arnaudgrd/INF3995/INF3995-Templates/project_ws/src/ros_gz_example_description' with build type 'ament_cmake'
[0.167s] INFO:colcon.colcon_cmake.task.cmake.build:Building CMake package in '/home/arnaudgrd/INF3995/INF3995-Templates/project_ws/src/ros_gz_example_description'
[0.168s] INFO:colcon.colcon_core.plugin_system:Skipping extension 'colcon_core.shell.bat': Not used on non-Windows systems
[0.169s] INFO:colcon.colcon_core.shell:Skip shell extension 'powershell' for command environment: Not usable outside of PowerShell
[0.169s] DEBUG:colcon.colcon_core.shell:Skip shell extension 'dsv' for command environment
[0.171s] INFO:colcon.colcon_ros.task.ament_cmake.build:Building ROS package in '/home/arnaudgrd/INF3995/INF3995-Templates/project_ws/src/ros_gz_example_application' with build type 'ament_cmake'
[0.171s] INFO:colcon.colcon_cmake.task.cmake.build:Building CMake package in '/home/arnaudgrd/INF3995/INF3995-Templates/project_ws/src/ros_gz_example_application'
[0.171s] INFO:colcon.colcon_core.shell:Skip shell extension 'powershell' for command environment: Not usable outside of PowerShell
[0.171s] DEBUG:colcon.colcon_core.shell:Skip shell extension 'dsv' for command environment
[0.175s] DEBUG:colcon.colcon_core.event_handler.log_command:Invoking command in '/home/arnaudgrd/INF3995/INF3995-Templates/project_ws/build/ros_gz_example_description': CMAKE_PREFIX_PATH=/opt/ros/humble /usr/bin/cmake /home/arnaudgrd/INF3995/INF3995-Templates/project_ws/src/ros_gz_example_description -DBUILD_TESTING=ON -DCMAKE_INSTALL_PREFIX=/home/arnaudgrd/INF3995/INF3995-Templates/project_ws/install/ros_gz_example_description
[0.177s] DEBUG:colcon.colcon_core.event_handler.log_command:Invoking command in '/home/arnaudgrd/INF3995/INF3995-Templates/project_ws/build/ros_gz_example_application': CMAKE_PREFIX_PATH=/opt/ros/humble /usr/bin/cmake /home/arnaudgrd/INF3995/INF3995-Templates/project_ws/src/ros_gz_example_application -DBUILD_TESTING=ON -DCMAKE_INSTALL_PREFIX=/home/arnaudgrd/INF3995/INF3995-Templates/project_ws/install/ros_gz_example_application
[0.392s] DEBUG:colcon.colcon_core.event_handler.log_command:Invoked command in '/home/arnaudgrd/INF3995/INF3995-Templates/project_ws/build/ros_gz_example_description' returned '0': CMAKE_PREFIX_PATH=/opt/ros/humble /usr/bin/cmake /home/arnaudgrd/INF3995/INF3995-Templates/project_ws/src/ros_gz_example_description -DBUILD_TESTING=ON -DCMAKE_INSTALL_PREFIX=/home/arnaudgrd/INF3995/INF3995-Templates/project_ws/install/ros_gz_example_description
[0.394s] DEBUG:colcon.colcon_core.event_handler.log_command:Invoking command in '/home/arnaudgrd/INF3995/INF3995-Templates/project_ws/build/ros_gz_example_description': CMAKE_PREFIX_PATH=/opt/ros/humble /usr/bin/cmake --build /home/arnaudgrd/INF3995/INF3995-Templates/project_ws/build/ros_gz_example_description -- -j16 -l16
[0.408s] DEBUG:colcon.colcon_core.event_handler.log_command:Invoked command in '/home/arnaudgrd/INF3995/INF3995-Templates/project_ws/build/ros_gz_example_application' returned '0': CMAKE_PREFIX_PATH=/opt/ros/humble /usr/bin/cmake /home/arnaudgrd/INF3995/INF3995-Templates/project_ws/src/ros_gz_example_application -DBUILD_TESTING=ON -DCMAKE_INSTALL_PREFIX=/home/arnaudgrd/INF3995/INF3995-Templates/project_ws/install/ros_gz_example_application
[0.409s] DEBUG:colcon.colcon_core.event_handler.log_command:Invoking command in '/home/arnaudgrd/INF3995/INF3995-Templates/project_ws/build/ros_gz_example_application': CMAKE_PREFIX_PATH=/opt/ros/humble /usr/bin/cmake --build /home/arnaudgrd/INF3995/INF3995-Templates/project_ws/build/ros_gz_example_application -- -j16 -l16
[0.424s] DEBUG:colcon.colcon_core.event_handler.log_command:Invoked command in '/home/arnaudgrd/INF3995/INF3995-Templates/project_ws/build/ros_gz_example_description' returned '0': CMAKE_PREFIX_PATH=/opt/ros/humble /usr/bin/cmake --build /home/arnaudgrd/INF3995/INF3995-Templates/project_ws/build/ros_gz_example_description -- -j16 -l16
[0.432s] DEBUG:colcon.colcon_core.event_handler.log_command:Invoking command in '/home/arnaudgrd/INF3995/INF3995-Templates/project_ws/build/ros_gz_example_description': CMAKE_PREFIX_PATH=/opt/ros/humble /usr/bin/cmake --install /home/arnaudgrd/INF3995/INF3995-Templates/project_ws/build/ros_gz_example_description
[0.434s] DEBUG:colcon.colcon_core.event_handler.log_command:Invoked command in '/home/arnaudgrd/INF3995/INF3995-Templates/project_ws/build/ros_gz_example_application' returned '0': CMAKE_PREFIX_PATH=/opt/ros/humble /usr/bin/cmake --build /home/arnaudgrd/INF3995/INF3995-Templates/project_ws/build/ros_gz_example_application -- -j16 -l16
[0.436s] DEBUG:colcon.colcon_core.event_handler.log_command:Invoking command in '/home/arnaudgrd/INF3995/INF3995-Templates/project_ws/build/ros_gz_example_application': CMAKE_PREFIX_PATH=/opt/ros/humble /usr/bin/cmake --install /home/arnaudgrd/INF3995/INF3995-Templates/project_ws/build/ros_gz_example_application
[0.445s] Level 1:colcon.colcon_core.environment:create_environment_scripts_only(ros_gz_example_application)
[0.445s] DEBUG:colcon.colcon_core.event_handler.log_command:Invoked command in '/home/arnaudgrd/INF3995/INF3995-Templates/project_ws/build/ros_gz_example_application' returned '0': CMAKE_PREFIX_PATH=/opt/ros/humble /usr/bin/cmake --install /home/arnaudgrd/INF3995/INF3995-Templates/project_ws/build/ros_gz_example_application
[0.447s] Level 1:colcon.colcon_core.environment:checking '/home/arnaudgrd/INF3995/INF3995-Templates/project_ws/install/ros_gz_example_application' for CMake module files
[0.447s] Level 1:colcon.colcon_core.environment:checking '/home/arnaudgrd/INF3995/INF3995-Templates/project_ws/install/ros_gz_example_application' for CMake config files
[0.448s] Level 1:colcon.colcon_core.shell:create_environment_hook('ros_gz_example_application', 'cmake_prefix_path')
[0.448s] INFO:colcon.colcon_core.shell:Creating environment hook '/home/arnaudgrd/INF3995/INF3995-Templates/project_ws/install/ros_gz_example_application/share/ros_gz_example_application/hook/cmake_prefix_path.ps1'
[0.449s] INFO:colcon.colcon_core.shell:Creating environment descriptor '/home/arnaudgrd/INF3995/INF3995-Templates/project_ws/install/ros_gz_example_application/share/ros_gz_example_application/hook/cmake_prefix_path.dsv'
[0.450s] INFO:colcon.colcon_core.shell:Creating environment hook '/home/arnaudgrd/INF3995/INF3995-Templates/project_ws/install/ros_gz_example_application/share/ros_gz_example_application/hook/cmake_prefix_path.sh'
[0.451s] Level 1:colcon.colcon_core.environment:checking '/home/arnaudgrd/INF3995/INF3995-Templates/project_ws/install/ros_gz_example_application/bin'
[0.451s] Level 1:colcon.colcon_core.environment:checking '/home/arnaudgrd/INF3995/INF3995-Templates/project_ws/install/ros_gz_example_application/lib/pkgconfig/ros_gz_example_application.pc'
[0.452s] Level 1:colcon.colcon_core.environment:checking '/home/arnaudgrd/INF3995/INF3995-Templates/project_ws/install/ros_gz_example_application/lib/python3.10/site-packages'
[0.452s] Level 1:colcon.colcon_core.environment:checking '/home/arnaudgrd/INF3995/INF3995-Templates/project_ws/install/ros_gz_example_application/bin'
[0.452s] INFO:colcon.colcon_core.shell:Creating package script '/home/arnaudgrd/INF3995/INF3995-Templates/project_ws/install/ros_gz_example_application/share/ros_gz_example_application/package.ps1'
[0.453s] INFO:colcon.colcon_core.shell:Creating package descriptor '/home/arnaudgrd/INF3995/INF3995-Templates/project_ws/install/ros_gz_example_application/share/ros_gz_example_application/package.dsv'
[0.454s] INFO:colcon.colcon_core.shell:Creating package script '/home/arnaudgrd/INF3995/INF3995-Templates/project_ws/install/ros_gz_example_application/share/ros_gz_example_application/package.sh'
[0.455s] INFO:colcon.colcon_core.shell:Creating package script '/home/arnaudgrd/INF3995/INF3995-Templates/project_ws/install/ros_gz_example_application/share/ros_gz_example_application/package.bash'
[0.456s] INFO:colcon.colcon_core.shell:Creating package script '/home/arnaudgrd/INF3995/INF3995-Templates/project_ws/install/ros_gz_example_application/share/ros_gz_example_application/package.zsh'
[0.456s] Level 1:colcon.colcon_core.environment:create_file_with_runtime_dependencies(/home/arnaudgrd/INF3995/INF3995-Templates/project_ws/install/ros_gz_example_application/share/colcon-core/packages/ros_gz_example_application)
[0.456s] Level 1:colcon.colcon_core.environment:create_environment_scripts_only(ros_gz_example_application)
[0.456s] Level 1:colcon.colcon_core.environment:checking '/home/arnaudgrd/INF3995/INF3995-Templates/project_ws/install/ros_gz_example_application' for CMake module files
[0.457s] Level 1:colcon.colcon_core.environment:checking '/home/arnaudgrd/INF3995/INF3995-Templates/project_ws/install/ros_gz_example_application' for CMake config files
[0.457s] Level 1:colcon.colcon_core.shell:create_environment_hook('ros_gz_example_application', 'cmake_prefix_path')
[0.457s] INFO:colcon.colcon_core.shell:Creating environment hook '/home/arnaudgrd/INF3995/INF3995-Templates/project_ws/install/ros_gz_example_application/share/ros_gz_example_application/hook/cmake_prefix_path.ps1'
[0.457s] INFO:colcon.colcon_core.shell:Creating environment descriptor '/home/arnaudgrd/INF3995/INF3995-Templates/project_ws/install/ros_gz_example_application/share/ros_gz_example_application/hook/cmake_prefix_path.dsv'
[0.458s] INFO:colcon.colcon_core.shell:Creating environment hook '/home/arnaudgrd/INF3995/INF3995-Templates/project_ws/install/ros_gz_example_application/share/ros_gz_example_application/hook/cmake_prefix_path.sh'
[0.458s] Level 1:colcon.colcon_core.environment:checking '/home/arnaudgrd/INF3995/INF3995-Templates/project_ws/install/ros_gz_example_application/bin'
[0.458s] Level 1:colcon.colcon_core.environment:checking '/home/arnaudgrd/INF3995/INF3995-Templates/project_ws/install/ros_gz_example_application/lib/pkgconfig/ros_gz_example_application.pc'
[0.458s] Level 1:colcon.colcon_core.environment:checking '/home/arnaudgrd/INF3995/INF3995-Templates/project_ws/install/ros_gz_example_application/lib/python3.10/site-packages'
[0.458s] Level 1:colcon.colcon_core.environment:checking '/home/arnaudgrd/INF3995/INF3995-Templates/project_ws/install/ros_gz_example_application/bin'
[0.459s] INFO:colcon.colcon_core.shell:Creating package script '/home/arnaudgrd/INF3995/INF3995-Templates/project_ws/install/ros_gz_example_application/share/ros_gz_example_application/package.ps1'
[0.459s] INFO:colcon.colcon_core.shell:Creating package descriptor '/home/arnaudgrd/INF3995/INF3995-Templates/project_ws/install/ros_gz_example_application/share/ros_gz_example_application/package.dsv'
[0.459s] INFO:colcon.colcon_core.shell:Creating package script '/home/arnaudgrd/INF3995/INF3995-Templates/project_ws/install/ros_gz_example_application/share/ros_gz_example_application/package.sh'
[0.460s] INFO:colcon.colcon_core.shell:Creating package script '/home/arnaudgrd/INF3995/INF3995-Templates/project_ws/install/ros_gz_example_application/share/ros_gz_example_application/package.bash'
[0.460s] INFO:colcon.colcon_core.shell:Creating package script '/home/arnaudgrd/INF3995/INF3995-Templates/project_ws/install/ros_gz_example_application/share/ros_gz_example_application/package.zsh'
[0.460s] Level 1:colcon.colcon_core.environment:create_file_with_runtime_dependencies(/home/arnaudgrd/INF3995/INF3995-Templates/project_ws/install/ros_gz_example_application/share/colcon-core/packages/ros_gz_example_application)
[0.672s] Level 1:colcon.colcon_core.environment:create_environment_scripts_only(ros_gz_example_description)
[0.672s] Level 1:colcon.colcon_core.environment:checking '/home/arnaudgrd/INF3995/INF3995-Templates/project_ws/install/ros_gz_example_description' for CMake module files
[0.672s] DEBUG:colcon.colcon_core.event_handler.log_command:Invoked command in '/home/arnaudgrd/INF3995/INF3995-Templates/project_ws/build/ros_gz_example_description' returned '0': CMAKE_PREFIX_PATH=/opt/ros/humble /usr/bin/cmake --install /home/arnaudgrd/INF3995/INF3995-Templates/project_ws/build/ros_gz_example_description
[0.672s] Level 1:colcon.colcon_core.environment:checking '/home/arnaudgrd/INF3995/INF3995-Templates/project_ws/install/ros_gz_example_description' for CMake config files
[0.673s] Level 1:colcon.colcon_core.shell:create_environment_hook('ros_gz_example_description', 'cmake_prefix_path')
[0.673s] INFO:colcon.colcon_core.shell:Creating environment hook '/home/arnaudgrd/INF3995/INF3995-Templates/project_ws/install/ros_gz_example_description/share/ros_gz_example_description/hook/cmake_prefix_path.ps1'
[0.673s] INFO:colcon.colcon_core.shell:Creating environment descriptor '/home/arnaudgrd/INF3995/INF3995-Templates/project_ws/install/ros_gz_example_description/share/ros_gz_example_description/hook/cmake_prefix_path.dsv'
[0.674s] INFO:colcon.colcon_core.shell:Creating environment hook '/home/arnaudgrd/INF3995/INF3995-Templates/project_ws/install/ros_gz_example_description/share/ros_gz_example_description/hook/cmake_prefix_path.sh'
[0.674s] Level 1:colcon.colcon_core.environment:checking '/home/arnaudgrd/INF3995/INF3995-Templates/project_ws/install/ros_gz_example_description/bin'
[0.674s] Level 1:colcon.colcon_core.environment:checking '/home/arnaudgrd/INF3995/INF3995-Templates/project_ws/install/ros_gz_example_description/lib/pkgconfig/ros_gz_example_description.pc'
[0.674s] Level 1:colcon.colcon_core.environment:checking '/home/arnaudgrd/INF3995/INF3995-Templates/project_ws/install/ros_gz_example_description/lib/python3.10/site-packages'
[0.674s] Level 1:colcon.colcon_core.environment:checking '/home/arnaudgrd/INF3995/INF3995-Templates/project_ws/install/ros_gz_example_description/bin'
[0.674s] INFO:colcon.colcon_core.shell:Creating package script '/home/arnaudgrd/INF3995/INF3995-Templates/project_ws/install/ros_gz_example_description/share/ros_gz_example_description/package.ps1'
[0.675s] INFO:colcon.colcon_core.shell:Creating package descriptor '/home/arnaudgrd/INF3995/INF3995-Templates/project_ws/install/ros_gz_example_description/share/ros_gz_example_description/package.dsv'
[0.675s] INFO:colcon.colcon_core.shell:Creating package script '/home/arnaudgrd/INF3995/INF3995-Templates/project_ws/install/ros_gz_example_description/share/ros_gz_example_description/package.sh'
[0.675s] INFO:colcon.colcon_core.shell:Creating package script '/home/arnaudgrd/INF3995/INF3995-Templates/project_ws/install/ros_gz_example_description/share/ros_gz_example_description/package.bash'
[0.676s] INFO:colcon.colcon_core.shell:Creating package script '/home/arnaudgrd/INF3995/INF3995-Templates/project_ws/install/ros_gz_example_description/share/ros_gz_example_description/package.zsh'
[0.676s] Level 1:colcon.colcon_core.environment:create_file_with_runtime_dependencies(/home/arnaudgrd/INF3995/INF3995-Templates/project_ws/install/ros_gz_example_description/share/colcon-core/packages/ros_gz_example_description)
[0.676s] Level 1:colcon.colcon_core.environment:create_environment_scripts_only(ros_gz_example_description)
[0.676s] Level 1:colcon.colcon_core.environment:checking '/home/arnaudgrd/INF3995/INF3995-Templates/project_ws/install/ros_gz_example_description' for CMake module files
[0.677s] Level 1:colcon.colcon_core.environment:checking '/home/arnaudgrd/INF3995/INF3995-Templates/project_ws/install/ros_gz_example_description' for CMake config files
[0.677s] Level 1:colcon.colcon_core.shell:create_environment_hook('ros_gz_example_description', 'cmake_prefix_path')
[0.677s] INFO:colcon.colcon_core.shell:Creating environment hook '/home/arnaudgrd/INF3995/INF3995-Templates/project_ws/install/ros_gz_example_description/share/ros_gz_example_description/hook/cmake_prefix_path.ps1'
[0.677s] INFO:colcon.colcon_core.shell:Creating environment descriptor '/home/arnaudgrd/INF3995/INF3995-Templates/project_ws/install/ros_gz_example_description/share/ros_gz_example_description/hook/cmake_prefix_path.dsv'
[0.678s] INFO:colcon.colcon_core.shell:Creating environment hook '/home/arnaudgrd/INF3995/INF3995-Templates/project_ws/install/ros_gz_example_description/share/ros_gz_example_description/hook/cmake_prefix_path.sh'
[0.678s] Level 1:colcon.colcon_core.environment:checking '/home/arnaudgrd/INF3995/INF3995-Templates/project_ws/install/ros_gz_example_description/bin'
[0.678s] Level 1:colcon.colcon_core.environment:checking '/home/arnaudgrd/INF3995/INF3995-Templates/project_ws/install/ros_gz_example_description/lib/pkgconfig/ros_gz_example_description.pc'
[0.678s] Level 1:colcon.colcon_core.environment:checking '/home/arnaudgrd/INF3995/INF3995-Templates/project_ws/install/ros_gz_example_description/lib/python3.10/site-packages'
[0.678s] Level 1:colcon.colcon_core.environment:checking '/home/arnaudgrd/INF3995/INF3995-Templates/project_ws/install/ros_gz_example_description/bin'
[0.679s] INFO:colcon.colcon_core.shell:Creating package script '/home/arnaudgrd/INF3995/INF3995-Templates/project_ws/install/ros_gz_example_description/share/ros_gz_example_description/package.ps1'
[0.679s] INFO:colcon.colcon_core.shell:Creating package descriptor '/home/arnaudgrd/INF3995/INF3995-Templates/project_ws/install/ros_gz_example_description/share/ros_gz_example_description/package.dsv'
[0.679s] INFO:colcon.colcon_core.shell:Creating package script '/home/arnaudgrd/INF3995/INF3995-Templates/project_ws/install/ros_gz_example_description/share/ros_gz_example_description/package.sh'
[0.680s] INFO:colcon.colcon_core.shell:Creating package script '/home/arnaudgrd/INF3995/INF3995-Templates/project_ws/install/ros_gz_example_description/share/ros_gz_example_description/package.bash'
[0.680s] INFO:colcon.colcon_core.shell:Creating package script '/home/arnaudgrd/INF3995/INF3995-Templates/project_ws/install/ros_gz_example_description/share/ros_gz_example_description/package.zsh'
[0.681s] Level 1:colcon.colcon_core.environment:create_file_with_runtime_dependencies(/home/arnaudgrd/INF3995/INF3995-Templates/project_ws/install/ros_gz_example_description/share/colcon-core/packages/ros_gz_example_description)
[0.681s] INFO:colcon.colcon_ros.task.ament_cmake.build:Building ROS package in '/home/arnaudgrd/INF3995/INF3995-Templates/project_ws/src/ros_gz_example_gazebo' with build type 'ament_cmake'
[0.681s] INFO:colcon.colcon_cmake.task.cmake.build:Building CMake package in '/home/arnaudgrd/INF3995/INF3995-Templates/project_ws/src/ros_gz_example_gazebo'
[0.681s] INFO:colcon.colcon_core.shell:Skip shell extension 'powershell' for command environment: Not usable outside of PowerShell
[0.681s] DEBUG:colcon.colcon_core.shell:Skip shell extension 'dsv' for command environment
[0.687s] DEBUG:colcon.colcon_core.event_handler.log_command:Invoking command in '/home/arnaudgrd/INF3995/INF3995-Templates/project_ws/build/ros_gz_example_gazebo': AMENT_PREFIX_PATH=/home/arnaudgrd/INF3995/INF3995-Templates/project_ws/install/ros_gz_example_description:${AMENT_PREFIX_PATH} CMAKE_PREFIX_PATH=/home/arnaudgrd/INF3995/INF3995-Templates/project_ws/install/ros_gz_example_description:/opt/ros/humble IGN_GAZEBO_RESOURCE_PATH=/home/arnaudgrd/INF3995/INF3995-Templates/project_ws/install/ros_gz_example_description/share/ros_gz_example_description/models /usr/bin/cmake /home/arnaudgrd/INF3995/INF3995-Templates/project_ws/src/ros_gz_example_gazebo -DBUILD_TESTING=ON -DCMAKE_INSTALL_PREFIX=/home/arnaudgrd/INF3995/INF3995-Templates/project_ws/install/ros_gz_example_gazebo
[2.191s] DEBUG:colcon.colcon_core.event_handler.log_command:Invoked command in '/home/arnaudgrd/INF3995/INF3995-Templates/project_ws/build/ros_gz_example_gazebo' returned '0': AMENT_PREFIX_PATH=/home/arnaudgrd/INF3995/INF3995-Templates/project_ws/install/ros_gz_example_description:${AMENT_PREFIX_PATH} CMAKE_PREFIX_PATH=/home/arnaudgrd/INF3995/INF3995-Templates/project_ws/install/ros_gz_example_description:/opt/ros/humble IGN_GAZEBO_RESOURCE_PATH=/home/arnaudgrd/INF3995/INF3995-Templates/project_ws/install/ros_gz_example_description/share/ros_gz_example_description/models /usr/bin/cmake /home/arnaudgrd/INF3995/INF3995-Templates/project_ws/src/ros_gz_example_gazebo -DBUILD_TESTING=ON -DCMAKE_INSTALL_PREFIX=/home/arnaudgrd/INF3995/INF3995-Templates/project_ws/install/ros_gz_example_gazebo
[2.192s] DEBUG:colcon.colcon_core.event_handler.log_command:Invoking command in '/home/arnaudgrd/INF3995/INF3995-Templates/project_ws/build/ros_gz_example_gazebo': AMENT_PREFIX_PATH=/home/arnaudgrd/INF3995/INF3995-Templates/project_ws/install/ros_gz_example_description:${AMENT_PREFIX_PATH} CMAKE_PREFIX_PATH=/home/arnaudgrd/INF3995/INF3995-Templates/project_ws/install/ros_gz_example_description:/opt/ros/humble IGN_GAZEBO_RESOURCE_PATH=/home/arnaudgrd/INF3995/INF3995-Templates/project_ws/install/ros_gz_example_description/share/ros_gz_example_description/models /usr/bin/cmake --build /home/arnaudgrd/INF3995/INF3995-Templates/project_ws/build/ros_gz_example_gazebo -- -j16 -l16
[2.227s] DEBUG:colcon.colcon_core.event_handler.log_command:Invoked command in '/home/arnaudgrd/INF3995/INF3995-Templates/project_ws/build/ros_gz_example_gazebo' returned '0': AMENT_PREFIX_PATH=/home/arnaudgrd/INF3995/INF3995-Templates/project_ws/install/ros_gz_example_description:${AMENT_PREFIX_PATH} CMAKE_PREFIX_PATH=/home/arnaudgrd/INF3995/INF3995-Templates/project_ws/install/ros_gz_example_description:/opt/ros/humble IGN_GAZEBO_RESOURCE_PATH=/home/arnaudgrd/INF3995/INF3995-Templates/project_ws/install/ros_gz_example_description/share/ros_gz_example_description/models /usr/bin/cmake --build /home/arnaudgrd/INF3995/INF3995-Templates/project_ws/build/ros_gz_example_gazebo -- -j16 -l16
[2.228s] DEBUG:colcon.colcon_core.event_handler.log_command:Invoking command in '/home/arnaudgrd/INF3995/INF3995-Templates/project_ws/build/ros_gz_example_gazebo': AMENT_PREFIX_PATH=/home/arnaudgrd/INF3995/INF3995-Templates/project_ws/install/ros_gz_example_description:${AMENT_PREFIX_PATH} CMAKE_PREFIX_PATH=/home/arnaudgrd/INF3995/INF3995-Templates/project_ws/install/ros_gz_example_description:/opt/ros/humble IGN_GAZEBO_RESOURCE_PATH=/home/arnaudgrd/INF3995/INF3995-Templates/project_ws/install/ros_gz_example_description/share/ros_gz_example_description/models /usr/bin/cmake --install /home/arnaudgrd/INF3995/INF3995-Templates/project_ws/build/ros_gz_example_gazebo
[2.235s] Level 1:colcon.colcon_core.environment:create_environment_scripts_only(ros_gz_example_gazebo)
[2.235s] DEBUG:colcon.colcon_core.event_handler.log_command:Invoked command in '/home/arnaudgrd/INF3995/INF3995-Templates/project_ws/build/ros_gz_example_gazebo' returned '0': AMENT_PREFIX_PATH=/home/arnaudgrd/INF3995/INF3995-Templates/project_ws/install/ros_gz_example_description:${AMENT_PREFIX_PATH} CMAKE_PREFIX_PATH=/home/arnaudgrd/INF3995/INF3995-Templates/project_ws/install/ros_gz_example_description:/opt/ros/humble IGN_GAZEBO_RESOURCE_PATH=/home/arnaudgrd/INF3995/INF3995-Templates/project_ws/install/ros_gz_example_description/share/ros_gz_example_description/models /usr/bin/cmake --install /home/arnaudgrd/INF3995/INF3995-Templates/project_ws/build/ros_gz_example_gazebo
[2.235s] Level 1:colcon.colcon_core.environment:checking '/home/arnaudgrd/INF3995/INF3995-Templates/project_ws/install/ros_gz_example_gazebo' for CMake module files
[2.236s] Level 1:colcon.colcon_core.environment:checking '/home/arnaudgrd/INF3995/INF3995-Templates/project_ws/install/ros_gz_example_gazebo' for CMake config files
[2.236s] Level 1:colcon.colcon_core.shell:create_environment_hook('ros_gz_example_gazebo', 'cmake_prefix_path')
[2.236s] INFO:colcon.colcon_core.shell:Creating environment hook '/home/arnaudgrd/INF3995/INF3995-Templates/project_ws/install/ros_gz_example_gazebo/share/ros_gz_example_gazebo/hook/cmake_prefix_path.ps1'
[2.237s] INFO:colcon.colcon_core.shell:Creating environment descriptor '/home/arnaudgrd/INF3995/INF3995-Templates/project_ws/install/ros_gz_example_gazebo/share/ros_gz_example_gazebo/hook/cmake_prefix_path.dsv'
[2.237s] INFO:colcon.colcon_core.shell:Creating environment hook '/home/arnaudgrd/INF3995/INF3995-Templates/project_ws/install/ros_gz_example_gazebo/share/ros_gz_example_gazebo/hook/cmake_prefix_path.sh'
[2.237s] Level 1:colcon.colcon_core.environment:checking '/home/arnaudgrd/INF3995/INF3995-Templates/project_ws/install/ros_gz_example_gazebo/bin'
[2.237s] Level 1:colcon.colcon_core.environment:checking '/home/arnaudgrd/INF3995/INF3995-Templates/project_ws/install/ros_gz_example_gazebo/lib/pkgconfig/ros_gz_example_gazebo.pc'
[2.237s] Level 1:colcon.colcon_core.environment:checking '/home/arnaudgrd/INF3995/INF3995-Templates/project_ws/install/ros_gz_example_gazebo/lib/python3.10/site-packages'
[2.238s] Level 1:colcon.colcon_core.environment:checking '/home/arnaudgrd/INF3995/INF3995-Templates/project_ws/install/ros_gz_example_gazebo/bin'
[2.238s] INFO:colcon.colcon_core.shell:Creating package script '/home/arnaudgrd/INF3995/INF3995-Templates/project_ws/install/ros_gz_example_gazebo/share/ros_gz_example_gazebo/package.ps1'
[2.238s] INFO:colcon.colcon_core.shell:Creating package descriptor '/home/arnaudgrd/INF3995/INF3995-Templates/project_ws/install/ros_gz_example_gazebo/share/ros_gz_example_gazebo/package.dsv'
[2.239s] INFO:colcon.colcon_core.shell:Creating package script '/home/arnaudgrd/INF3995/INF3995-Templates/project_ws/install/ros_gz_example_gazebo/share/ros_gz_example_gazebo/package.sh'
[2.239s] INFO:colcon.colcon_core.shell:Creating package script '/home/arnaudgrd/INF3995/INF3995-Templates/project_ws/install/ros_gz_example_gazebo/share/ros_gz_example_gazebo/package.bash'
[2.239s] INFO:colcon.colcon_core.shell:Creating package script '/home/arnaudgrd/INF3995/INF3995-Templates/project_ws/install/ros_gz_example_gazebo/share/ros_gz_example_gazebo/package.zsh'
[2.239s] Level 1:colcon.colcon_core.environment:create_file_with_runtime_dependencies(/home/arnaudgrd/INF3995/INF3995-Templates/project_ws/install/ros_gz_example_gazebo/share/colcon-core/packages/ros_gz_example_gazebo)
[2.240s] Level 1:colcon.colcon_core.environment:create_environment_scripts_only(ros_gz_example_gazebo)
[2.240s] Level 1:colcon.colcon_core.environment:checking '/home/arnaudgrd/INF3995/INF3995-Templates/project_ws/install/ros_gz_example_gazebo' for CMake module files
[2.240s] Level 1:colcon.colcon_core.environment:checking '/home/arnaudgrd/INF3995/INF3995-Templates/project_ws/install/ros_gz_example_gazebo' for CMake config files
[2.240s] Level 1:colcon.colcon_core.shell:create_environment_hook('ros_gz_example_gazebo', 'cmake_prefix_path')
[2.240s] INFO:colcon.colcon_core.shell:Creating environment hook '/home/arnaudgrd/INF3995/INF3995-Templates/project_ws/install/ros_gz_example_gazebo/share/ros_gz_example_gazebo/hook/cmake_prefix_path.ps1'
[2.241s] INFO:colcon.colcon_core.shell:Creating environment descriptor '/home/arnaudgrd/INF3995/INF3995-Templates/project_ws/install/ros_gz_example_gazebo/share/ros_gz_example_gazebo/hook/cmake_prefix_path.dsv'
[2.241s] INFO:colcon.colcon_core.shell:Creating environment hook '/home/arnaudgrd/INF3995/INF3995-Templates/project_ws/install/ros_gz_example_gazebo/share/ros_gz_example_gazebo/hook/cmake_prefix_path.sh'
[2.242s] Level 1:colcon.colcon_core.environment:checking '/home/arnaudgrd/INF3995/INF3995-Templates/project_ws/install/ros_gz_example_gazebo/bin'
[2.242s] Level 1:colcon.colcon_core.environment:checking '/home/arnaudgrd/INF3995/INF3995-Templates/project_ws/install/ros_gz_example_gazebo/lib/pkgconfig/ros_gz_example_gazebo.pc'
[2.242s] Level 1:colcon.colcon_core.environment:checking '/home/arnaudgrd/INF3995/INF3995-Templates/project_ws/install/ros_gz_example_gazebo/lib/python3.10/site-packages'
[2.242s] Level 1:colcon.colcon_core.environment:checking '/home/arnaudgrd/INF3995/INF3995-Templates/project_ws/install/ros_gz_example_gazebo/bin'
[2.242s] INFO:colcon.colcon_core.shell:Creating package script '/home/arnaudgrd/INF3995/INF3995-Templates/project_ws/install/ros_gz_example_gazebo/share/ros_gz_example_gazebo/package.ps1'
[2.243s] INFO:colcon.colcon_core.shell:Creating package descriptor '/home/arnaudgrd/INF3995/INF3995-Templates/project_ws/install/ros_gz_example_gazebo/share/ros_gz_example_gazebo/package.dsv'
[2.243s] INFO:colcon.colcon_core.shell:Creating package script '/home/arnaudgrd/INF3995/INF3995-Templates/project_ws/install/ros_gz_example_gazebo/share/ros_gz_example_gazebo/package.sh'
[2.244s] INFO:colcon.colcon_core.shell:Creating package script '/home/arnaudgrd/INF3995/INF3995-Templates/project_ws/install/ros_gz_example_gazebo/share/ros_gz_example_gazebo/package.bash'
[2.245s] INFO:colcon.colcon_core.shell:Creating package script '/home/arnaudgrd/INF3995/INF3995-Templates/project_ws/install/ros_gz_example_gazebo/share/ros_gz_example_gazebo/package.zsh'
[2.245s] Level 1:colcon.colcon_core.environment:create_file_with_runtime_dependencies(/home/arnaudgrd/INF3995/INF3995-Templates/project_ws/install/ros_gz_example_gazebo/share/colcon-core/packages/ros_gz_example_gazebo)
[2.245s] INFO:colcon.colcon_ros.task.ament_cmake.build:Building ROS package in '/home/arnaudgrd/INF3995/INF3995-Templates/project_ws/src/ros_gz_example_bringup' with build type 'ament_cmake'
[2.245s] INFO:colcon.colcon_cmake.task.cmake.build:Building CMake package in '/home/arnaudgrd/INF3995/INF3995-Templates/project_ws/src/ros_gz_example_bringup'
[2.245s] INFO:colcon.colcon_core.shell:Skip shell extension 'powershell' for command environment: Not usable outside of PowerShell
[2.245s] DEBUG:colcon.colcon_core.shell:Skip shell extension 'dsv' for command environment
[2.251s] DEBUG:colcon.colcon_core.event_handler.log_command:Invoking command in '/home/arnaudgrd/INF3995/INF3995-Templates/project_ws/build/ros_gz_example_bringup': AMENT_PREFIX_PATH=/home/arnaudgrd/INF3995/INF3995-Templates/project_ws/install/ros_gz_example_gazebo:/home/arnaudgrd/INF3995/INF3995-Templates/project_ws/install/ros_gz_example_description:${AMENT_PREFIX_PATH} CMAKE_PREFIX_PATH=/home/arnaudgrd/INF3995/INF3995-Templates/project_ws/install/ros_gz_example_gazebo:/home/arnaudgrd/INF3995/INF3995-Templates/project_ws/install/ros_gz_example_description:/opt/ros/humble IGN_GAZEBO_PLUGIN_PATH=/home/arnaudgrd/INF3995/INF3995-Templates/project_ws/install/ros_gz_example_gazebo/lib/ros_gz_example_gazebo IGN_GAZEBO_RESOURCE_PATH=/home/arnaudgrd/INF3995/INF3995-Templates/project_ws/install/ros_gz_example_gazebo/share/ros_gz_example_gazebo/worlds:/home/arnaudgrd/INF3995/INF3995-Templates/project_ws/install/ros_gz_example_description/share/ros_gz_example_description/models /usr/bin/cmake /home/arnaudgrd/INF3995/INF3995-Templates/project_ws/src/ros_gz_example_bringup -DBUILD_TESTING=ON -DCMAKE_INSTALL_PREFIX=/home/arnaudgrd/INF3995/INF3995-Templates/project_ws/install/ros_gz_example_bringup
[2.669s] DEBUG:colcon.colcon_core.event_handler.log_command:Invoked command in '/home/arnaudgrd/INF3995/INF3995-Templates/project_ws/build/ros_gz_example_bringup' returned '0': AMENT_PREFIX_PATH=/home/arnaudgrd/INF3995/INF3995-Templates/project_ws/install/ros_gz_example_gazebo:/home/arnaudgrd/INF3995/INF3995-Templates/project_ws/install/ros_gz_example_description:${AMENT_PREFIX_PATH} CMAKE_PREFIX_PATH=/home/arnaudgrd/INF3995/INF3995-Templates/project_ws/install/ros_gz_example_gazebo:/home/arnaudgrd/INF3995/INF3995-Templates/project_ws/install/ros_gz_example_description:/opt/ros/humble IGN_GAZEBO_PLUGIN_PATH=/home/arnaudgrd/INF3995/INF3995-Templates/project_ws/install/ros_gz_example_gazebo/lib/ros_gz_example_gazebo IGN_GAZEBO_RESOURCE_PATH=/home/arnaudgrd/INF3995/INF3995-Templates/project_ws/install/ros_gz_example_gazebo/share/ros_gz_example_gazebo/worlds:/home/arnaudgrd/INF3995/INF3995-Templates/project_ws/install/ros_gz_example_description/share/ros_gz_example_description/models /usr/bin/cmake /home/arnaudgrd/INF3995/INF3995-Templates/project_ws/src/ros_gz_example_bringup -DBUILD_TESTING=ON -DCMAKE_INSTALL_PREFIX=/home/arnaudgrd/INF3995/INF3995-Templates/project_ws/install/ros_gz_example_bringup
[2.670s] DEBUG:colcon.colcon_core.event_handler.log_command:Invoking command in '/home/arnaudgrd/INF3995/INF3995-Templates/project_ws/build/ros_gz_example_bringup': AMENT_PREFIX_PATH=/home/arnaudgrd/INF3995/INF3995-Templates/project_ws/install/ros_gz_example_gazebo:/home/arnaudgrd/INF3995/INF3995-Templates/project_ws/install/ros_gz_example_description:${AMENT_PREFIX_PATH} CMAKE_PREFIX_PATH=/home/arnaudgrd/INF3995/INF3995-Templates/project_ws/install/ros_gz_example_gazebo:/home/arnaudgrd/INF3995/INF3995-Templates/project_ws/install/ros_gz_example_description:/opt/ros/humble IGN_GAZEBO_PLUGIN_PATH=/home/arnaudgrd/INF3995/INF3995-Templates/project_ws/install/ros_gz_example_gazebo/lib/ros_gz_example_gazebo IGN_GAZEBO_RESOURCE_PATH=/home/arnaudgrd/INF3995/INF3995-Templates/project_ws/install/ros_gz_example_gazebo/share/ros_gz_example_gazebo/worlds:/home/arnaudgrd/INF3995/INF3995-Templates/project_ws/install/ros_gz_example_description/share/ros_gz_example_description/models /usr/bin/cmake --build /home/arnaudgrd/INF3995/INF3995-Templates/project_ws/build/ros_gz_example_bringup -- -j16 -l16
[2.699s] DEBUG:colcon.colcon_core.event_handler.log_command:Invoked command in '/home/arnaudgrd/INF3995/INF3995-Templates/project_ws/build/ros_gz_example_bringup' returned '0': AMENT_PREFIX_PATH=/home/arnaudgrd/INF3995/INF3995-Templates/project_ws/install/ros_gz_example_gazebo:/home/arnaudgrd/INF3995/INF3995-Templates/project_ws/install/ros_gz_example_description:${AMENT_PREFIX_PATH} CMAKE_PREFIX_PATH=/home/arnaudgrd/INF3995/INF3995-Templates/project_ws/install/ros_gz_example_gazebo:/home/arnaudgrd/INF3995/INF3995-Templates/project_ws/install/ros_gz_example_description:/opt/ros/humble IGN_GAZEBO_PLUGIN_PATH=/home/arnaudgrd/INF3995/INF3995-Templates/project_ws/install/ros_gz_example_gazebo/lib/ros_gz_example_gazebo IGN_GAZEBO_RESOURCE_PATH=/home/arnaudgrd/INF3995/INF3995-Templates/project_ws/install/ros_gz_example_gazebo/share/ros_gz_example_gazebo/worlds:/home/arnaudgrd/INF3995/INF3995-Templates/project_ws/install/ros_gz_example_description/share/ros_gz_example_description/models /usr/bin/cmake --build /home/arnaudgrd/INF3995/INF3995-Templates/project_ws/build/ros_gz_example_bringup -- -j16 -l16
[2.701s] DEBUG:colcon.colcon_core.event_handler.log_command:Invoking command in '/home/arnaudgrd/INF3995/INF3995-Templates/project_ws/build/ros_gz_example_bringup': AMENT_PREFIX_PATH=/home/arnaudgrd/INF3995/INF3995-Templates/project_ws/install/ros_gz_example_gazebo:/home/arnaudgrd/INF3995/INF3995-Templates/project_ws/install/ros_gz_example_description:${AMENT_PREFIX_PATH} CMAKE_PREFIX_PATH=/home/arnaudgrd/INF3995/INF3995-Templates/project_ws/install/ros_gz_example_gazebo:/home/arnaudgrd/INF3995/INF3995-Templates/project_ws/install/ros_gz_example_description:/opt/ros/humble IGN_GAZEBO_PLUGIN_PATH=/home/arnaudgrd/INF3995/INF3995-Templates/project_ws/install/ros_gz_example_gazebo/lib/ros_gz_example_gazebo IGN_GAZEBO_RESOURCE_PATH=/home/arnaudgrd/INF3995/INF3995-Templates/project_ws/install/ros_gz_example_gazebo/share/ros_gz_example_gazebo/worlds:/home/arnaudgrd/INF3995/INF3995-Templates/project_ws/install/ros_gz_example_description/share/ros_gz_example_description/models /usr/bin/cmake --install /home/arnaudgrd/INF3995/INF3995-Templates/project_ws/build/ros_gz_example_bringup
[2.710s] Level 1:colcon.colcon_core.environment:create_environment_scripts_only(ros_gz_example_bringup)
[2.711s] DEBUG:colcon.colcon_core.event_handler.log_command:Invoked command in '/home/arnaudgrd/INF3995/INF3995-Templates/project_ws/build/ros_gz_example_bringup' returned '0': AMENT_PREFIX_PATH=/home/arnaudgrd/INF3995/INF3995-Templates/project_ws/install/ros_gz_example_gazebo:/home/arnaudgrd/INF3995/INF3995-Templates/project_ws/install/ros_gz_example_description:${AMENT_PREFIX_PATH} CMAKE_PREFIX_PATH=/home/arnaudgrd/INF3995/INF3995-Templates/project_ws/install/ros_gz_example_gazebo:/home/arnaudgrd/INF3995/INF3995-Templates/project_ws/install/ros_gz_example_description:/opt/ros/humble IGN_GAZEBO_PLUGIN_PATH=/home/arnaudgrd/INF3995/INF3995-Templates/project_ws/install/ros_gz_example_gazebo/lib/ros_gz_example_gazebo IGN_GAZEBO_RESOURCE_PATH=/home/arnaudgrd/INF3995/INF3995-Templates/project_ws/install/ros_gz_example_gazebo/share/ros_gz_example_gazebo/worlds:/home/arnaudgrd/INF3995/INF3995-Templates/project_ws/install/ros_gz_example_description/share/ros_gz_example_description/models /usr/bin/cmake --install /home/arnaudgrd/INF3995/INF3995-Templates/project_ws/build/ros_gz_example_bringup
[2.711s] Level 1:colcon.colcon_core.environment:checking '/home/arnaudgrd/INF3995/INF3995-Templates/project_ws/install/ros_gz_example_bringup' for CMake module files
[2.711s] Level 1:colcon.colcon_core.environment:checking '/home/arnaudgrd/INF3995/INF3995-Templates/project_ws/install/ros_gz_example_bringup' for CMake config files
[2.711s] Level 1:colcon.colcon_core.shell:create_environment_hook('ros_gz_example_bringup', 'cmake_prefix_path')
[2.711s] INFO:colcon.colcon_core.shell:Creating environment hook '/home/arnaudgrd/INF3995/INF3995-Templates/project_ws/install/ros_gz_example_bringup/share/ros_gz_example_bringup/hook/cmake_prefix_path.ps1'
[2.712s] INFO:colcon.colcon_core.shell:Creating environment descriptor '/home/arnaudgrd/INF3995/INF3995-Templates/project_ws/install/ros_gz_example_bringup/share/ros_gz_example_bringup/hook/cmake_prefix_path.dsv'
[2.712s] INFO:colcon.colcon_core.shell:Creating environment hook '/home/arnaudgrd/INF3995/INF3995-Templates/project_ws/install/ros_gz_example_bringup/share/ros_gz_example_bringup/hook/cmake_prefix_path.sh'
[2.713s] Level 1:colcon.colcon_core.environment:checking '/home/arnaudgrd/INF3995/INF3995-Templates/project_ws/install/ros_gz_example_bringup/bin'
[2.713s] Level 1:colcon.colcon_core.environment:checking '/home/arnaudgrd/INF3995/INF3995-Templates/project_ws/install/ros_gz_example_bringup/lib/pkgconfig/ros_gz_example_bringup.pc'
[2.713s] Level 1:colcon.colcon_core.environment:checking '/home/arnaudgrd/INF3995/INF3995-Templates/project_ws/install/ros_gz_example_bringup/lib/python3.10/site-packages'
[2.713s] Level 1:colcon.colcon_core.environment:checking '/home/arnaudgrd/INF3995/INF3995-Templates/project_ws/install/ros_gz_example_bringup/bin'
[2.713s] INFO:colcon.colcon_core.shell:Creating package script '/home/arnaudgrd/INF3995/INF3995-Templates/project_ws/install/ros_gz_example_bringup/share/ros_gz_example_bringup/package.ps1'
[2.714s] INFO:colcon.colcon_core.shell:Creating package descriptor '/home/arnaudgrd/INF3995/INF3995-Templates/project_ws/install/ros_gz_example_bringup/share/ros_gz_example_bringup/package.dsv'
[2.714s] INFO:colcon.colcon_core.shell:Creating package script '/home/arnaudgrd/INF3995/INF3995-Templates/project_ws/install/ros_gz_example_bringup/share/ros_gz_example_bringup/package.sh'
[2.715s] INFO:colcon.colcon_core.shell:Creating package script '/home/arnaudgrd/INF3995/INF3995-Templates/project_ws/install/ros_gz_example_bringup/share/ros_gz_example_bringup/package.bash'
[2.715s] INFO:colcon.colcon_core.shell:Creating package script '/home/arnaudgrd/INF3995/INF3995-Templates/project_ws/install/ros_gz_example_bringup/share/ros_gz_example_bringup/package.zsh'
[2.715s] Level 1:colcon.colcon_core.environment:create_file_with_runtime_dependencies(/home/arnaudgrd/INF3995/INF3995-Templates/project_ws/install/ros_gz_example_bringup/share/colcon-core/packages/ros_gz_example_bringup)
[2.715s] Level 1:colcon.colcon_core.environment:create_environment_scripts_only(ros_gz_example_bringup)
[2.716s] Level 1:colcon.colcon_core.environment:checking '/home/arnaudgrd/INF3995/INF3995-Templates/project_ws/install/ros_gz_example_bringup' for CMake module files
[2.716s] Level 1:colcon.colcon_core.environment:checking '/home/arnaudgrd/INF3995/INF3995-Templates/project_ws/install/ros_gz_example_bringup' for CMake config files
[2.716s] Level 1:colcon.colcon_core.shell:create_environment_hook('ros_gz_example_bringup', 'cmake_prefix_path')
[2.716s] INFO:colcon.colcon_core.shell:Creating environment hook '/home/arnaudgrd/INF3995/INF3995-Templates/project_ws/install/ros_gz_example_bringup/share/ros_gz_example_bringup/hook/cmake_prefix_path.ps1'
[2.716s] INFO:colcon.colcon_core.shell:Creating environment descriptor '/home/arnaudgrd/INF3995/INF3995-Templates/project_ws/install/ros_gz_example_bringup/share/ros_gz_example_bringup/hook/cmake_prefix_path.dsv'
[2.717s] INFO:colcon.colcon_core.shell:Creating environment hook '/home/arnaudgrd/INF3995/INF3995-Templates/project_ws/install/ros_gz_example_bringup/share/ros_gz_example_bringup/hook/cmake_prefix_path.sh'
[2.717s] Level 1:colcon.colcon_core.environment:checking '/home/arnaudgrd/INF3995/INF3995-Templates/project_ws/install/ros_gz_example_bringup/bin'
[2.717s] Level 1:colcon.colcon_core.environment:checking '/home/arnaudgrd/INF3995/INF3995-Templates/project_ws/install/ros_gz_example_bringup/lib/pkgconfig/ros_gz_example_bringup.pc'
[2.717s] Level 1:colcon.colcon_core.environment:checking '/home/arnaudgrd/INF3995/INF3995-Templates/project_ws/install/ros_gz_example_bringup/lib/python3.10/site-packages'
[2.717s] Level 1:colcon.colcon_core.environment:checking '/home/arnaudgrd/INF3995/INF3995-Templates/project_ws/install/ros_gz_example_bringup/bin'
[2.717s] INFO:colcon.colcon_core.shell:Creating package script '/home/arnaudgrd/INF3995/INF3995-Templates/project_ws/install/ros_gz_example_bringup/share/ros_gz_example_bringup/package.ps1'
[2.718s] INFO:colcon.colcon_core.shell:Creating package descriptor '/home/arnaudgrd/INF3995/INF3995-Templates/project_ws/install/ros_gz_example_bringup/share/ros_gz_example_bringup/package.dsv'
[2.718s] INFO:colcon.colcon_core.shell:Creating package script '/home/arnaudgrd/INF3995/INF3995-Templates/project_ws/install/ros_gz_example_bringup/share/ros_gz_example_bringup/package.sh'
[2.719s] INFO:colcon.colcon_core.shell:Creating package script '/home/arnaudgrd/INF3995/INF3995-Templates/project_ws/install/ros_gz_example_bringup/share/ros_gz_example_bringup/package.bash'
[2.726s] INFO:colcon.colcon_core.shell:Creating package script '/home/arnaudgrd/INF3995/INF3995-Templates/project_ws/install/ros_gz_example_bringup/share/ros_gz_example_bringup/package.zsh'
[2.726s] Level 1:colcon.colcon_core.environment:create_file_with_runtime_dependencies(/home/arnaudgrd/INF3995/INF3995-Templates/project_ws/install/ros_gz_example_bringup/share/colcon-core/packages/ros_gz_example_bringup)
[2.726s] DEBUG:colcon.colcon_parallel_executor.executor.parallel:closing loop
[2.726s] DEBUG:colcon.colcon_parallel_executor.executor.parallel:loop closed
[2.727s] DEBUG:colcon.colcon_parallel_executor.executor.parallel:run_until_complete finished with '0'
[2.727s] DEBUG:colcon.colcon_core.event_reactor:joining thread
[2.732s] INFO:colcon.colcon_core.plugin_system:Skipping extension 'colcon_notification.desktop_notification.terminal_notifier': Not used on non-Darwin systems
[2.732s] INFO:colcon.colcon_core.plugin_system:Skipping extension 'colcon_notification.desktop_notification.win32': Not used on non-Windows systems
[2.732s] INFO:colcon.colcon_notification.desktop_notification:Sending desktop notification using 'notify2'
[2.742s] DEBUG:colcon.colcon_core.event_reactor:joined thread
[2.742s] INFO:colcon.colcon_core.shell:Creating prefix script '/home/arnaudgrd/INF3995/INF3995-Templates/project_ws/install/local_setup.ps1'
[2.743s] INFO:colcon.colcon_core.shell:Creating prefix util module '/home/arnaudgrd/INF3995/INF3995-Templates/project_ws/install/_local_setup_util_ps1.py'
[2.745s] INFO:colcon.colcon_core.shell:Creating prefix chain script '/home/arnaudgrd/INF3995/INF3995-Templates/project_ws/install/setup.ps1'
[2.746s] INFO:colcon.colcon_core.shell:Creating prefix script '/home/arnaudgrd/INF3995/INF3995-Templates/project_ws/install/local_setup.sh'
[2.747s] INFO:colcon.colcon_core.shell:Creating prefix util module '/home/arnaudgrd/INF3995/INF3995-Templates/project_ws/install/_local_setup_util_sh.py'
[2.748s] INFO:colcon.colcon_core.shell:Creating prefix chain script '/home/arnaudgrd/INF3995/INF3995-Templates/project_ws/install/setup.sh'
[2.748s] INFO:colcon.colcon_core.shell:Creating prefix script '/home/arnaudgrd/INF3995/INF3995-Templates/project_ws/install/local_setup.bash'
[2.749s] INFO:colcon.colcon_core.shell:Creating prefix chain script '/home/arnaudgrd/INF3995/INF3995-Templates/project_ws/install/setup.bash'
[2.750s] INFO:colcon.colcon_core.shell:Creating prefix script '/home/arnaudgrd/INF3995/INF3995-Templates/project_ws/install/local_setup.zsh'
[2.751s] INFO:colcon.colcon_core.shell:Creating prefix chain script '/home/arnaudgrd/INF3995/INF3995-Templates/project_ws/install/setup.zsh'
