[0.005s] Invoking command in '/home/arnaudgrd/INF3995/INF3995-Templates/project_ws/build/ros_gz_example_gazebo': AMENT_PREFIX_PATH=/home/arnaudgrd/INF3995/INF3995-Templates/project_ws/install/ros_gz_example_description:${AMENT_PREFIX_PATH} CMAKE_PREFIX_PATH=/home/arnaudgrd/INF3995/INF3995-Templates/project_ws/install/ros_gz_example_description:/opt/ros/humble IGN_GAZEBO_RESOURCE_PATH=/home/arnaudgrd/INF3995/INF3995-Templates/project_ws/install/ros_gz_example_description/share/ros_gz_example_description/models /usr/bin/cmake /home/arnaudgrd/INF3995/INF3995-Templates/project_ws/src/ros_gz_example_gazebo -DBUILD_TESTING=ON -DCMAKE_INSTALL_PREFIX=/home/arnaudgrd/INF3995/INF3995-Templates/project_ws/install/ros_gz_example_gazebo
[0.055s] -- The C compiler identification is GNU 11.4.0
[0.093s] -- The CXX compiler identification is GNU 11.4.0
[0.097s] -- Detecting C compiler ABI info
[0.160s] -- Detecting C compiler ABI info - done
[0.167s] -- Check for working C compiler: /usr/bin/cc - skipped
[0.167s] -- Detecting C compile features
[0.167s] -- Detecting C compile features - done
[0.169s] -- Detecting CXX compiler ABI info
[0.228s] -- Detecting CXX compiler ABI info - done
[0.234s] -- Check for working CXX compiler: /usr/bin/c++ - skipped
[0.234s] -- Detecting CXX compile features
[0.234s] -- Detecting CXX compile features - done
[0.236s] -- Found ament_cmake: 1.3.12 (/opt/ros/humble/share/ament_cmake/cmake)
[0.337s] -- Found Python3: /usr/bin/python3 (found version "3.10.12") found components: Interpreter 
[0.388s] -- Found ros_gz_example_description: 0.0.0 (/home/arnaudgrd/INF3995/INF3995-Templates/project_ws/install/ros_gz_example_description/share/ros_gz_example_description/cmake)
[0.394s] -- Looking for ignition-plugin1 -- found version 1.4.0
[0.394s] -- Searching for dependencies of ignition-plugin1
[0.394s] -- Searching for <ignition-plugin1> component [register]
[0.395s] -- Looking for ignition-plugin1-register -- found version 1.4.0
[0.395s] -- Searching for dependencies of ignition-plugin1-register
[0.397s] -- Looking for ignition-common4 -- found version 4.7.0
[0.397s] -- Searching for dependencies of ignition-common4
[0.397s] -- Looking for dlfcn.h - found
[0.402s] -- Looking for libdl - found
[0.403s] -- Found DL: TRUE  
[0.406s] -- Checking for module 'uuid'
[0.417s] --   Found uuid, version 2.37.2
[0.457s] -- Found UUID: TRUE  
[0.458s] -- Searching for <ignition-common4> component [profiler]
[0.460s] -- Looking for ignition-common4-profiler -- found version 4.7.0
[0.460s] -- Searching for dependencies of ignition-common4-profiler
[0.463s] -- Looking for ignition-gazebo6 -- found version 6.17.0
[0.463s] -- Searching for dependencies of ignition-gazebo6
[0.464s] -- Looking for sdformat12 -- found version 12.8.0
[0.464s] -- Searching for dependencies of sdformat12
[0.468s] -- Checking for module 'tinyxml2'
[0.482s] --   Found tinyxml2, version 9.0.0
[0.524s] -- Looking for ignition-math6 -- found version 6.15.1
[0.524s] -- Searching for dependencies of ignition-math6
[0.528s] -- Looking for ignition-utils1 -- found version 1.5.1
[0.528s] -- Searching for dependencies of ignition-utils1
[0.531s] -- Looking for ignition-plugin1 -- found version 1.4.0
[0.531s] -- Searching for dependencies of ignition-plugin1
[0.531s] -- Searching for <ignition-plugin1> component [loader]
[0.533s] -- Looking for ignition-plugin1-loader -- found version 1.4.0
[0.534s] -- Searching for dependencies of ignition-plugin1-loader
[0.534s] -- Searching for <ignition-plugin1> component [register]
[0.536s] -- Looking for ignition-transport11 -- found version 11.4.1
[0.536s] -- Searching for dependencies of ignition-transport11
[0.675s] -- Found Protobuf: /usr/lib/x86_64-linux-gnu/libprotobuf.so (found version "3.12.4") 
[0.685s] -- Config-file not installed for ZeroMQ -- checking for pkg-config
[0.689s] -- Checking for module 'libzmq >= 4'
[0.702s] --   Found libzmq , version 4.3.4
[0.745s] -- Found ZeroMQ: TRUE (Required is at least version "4") 
[0.757s] -- Looking for ignition-utils1 -- found version 1.5.1
[0.757s] -- Searching for dependencies of ignition-utils1
[0.758s] -- Searching for <ignition-utils1> component [cli]
[0.758s] -- Looking for ignition-utils1-cli -- found version 1.5.1
[0.759s] -- Searching for dependencies of ignition-utils1-cli
[0.760s] -- Looking for ignition-msgs8 -- found version 8.7.0
[0.760s] -- Searching for dependencies of ignition-msgs8
[0.770s] -- Found Protobuf: /usr/lib/x86_64-linux-gnu/libprotobuf.so (found suitable version "3.12.4", minimum required is "3") 
[0.771s] -- Looking for ignition-math6 -- found version 6.15.1
[0.777s] -- Searching for <ignition-transport11> component [log]
[0.779s] -- Looking for ignition-transport11-log -- found version 11.4.1
[0.780s] -- Searching for dependencies of ignition-transport11-log
[0.780s] -- Searching for <ignition-transport11> component [parameters]
[0.782s] -- Looking for ignition-transport11-parameters -- found version 11.4.1
[0.782s] -- Searching for dependencies of ignition-transport11-parameters
[0.783s] -- Looking for ignition-msgs8 -- found version 8.7.0
[0.783s] -- Looking for ignition-common4 -- found version 4.7.0
[0.784s] -- Searching for dependencies of ignition-common4
[0.784s] -- Looking for dlfcn.h - found
[0.784s] -- Looking for libdl - found
[0.791s] -- Searching for <ignition-common4> component [profiler]
[0.792s] -- Searching for <ignition-common4> component [events]
[0.793s] -- Looking for ignition-common4-events -- found version 4.7.0
[0.793s] -- Searching for dependencies of ignition-common4-events
[0.794s] -- Looking for ignition-math6 -- found version 6.15.1
[0.794s] -- Searching for <ignition-common4> component [av]
[0.796s] -- Looking for ignition-common4-av -- found version 4.7.0
[0.796s] -- Searching for dependencies of ignition-common4-av
[0.800s] -- Checking for module 'libswscale'
[0.810s] --   Found libswscale, version 5.9.100
[0.851s] -- Found SWSCALE: TRUE  
[0.858s] -- Checking for module 'libavdevice >= 56.4.100'
[0.874s] --   Found libavdevice , version 58.13.100
[0.919s] -- Found AVDEVICE: TRUE (Required is at least version "56.4.100") 
[0.925s] -- Checking for module 'libavformat'
[0.944s] --   Found libavformat, version 58.76.100
[0.986s] -- Found AVFORMAT: TRUE  
[0.993s] -- Checking for module 'libavcodec'
[1.008s] --   Found libavcodec, version 58.134.100
[1.054s] -- Found AVCODEC: TRUE  
[1.060s] -- Checking for module 'libavutil'
[1.076s] --   Found libavutil, version 56.70.100
[1.116s] -- Found AVUTIL: TRUE  
[1.120s] -- Looking for ignition-fuel_tools7 -- found version 7.3.1
[1.121s] -- Searching for dependencies of ignition-fuel_tools7
[1.197s] -- Found CURL: /usr/lib/x86_64-linux-gnu/libcurl.so (found version "7.81.0")  
[1.206s] -- Checking for module 'jsoncpp'
[1.223s] --   Found jsoncpp, version 1.9.5
[1.267s] -- Found JSONCPP: TRUE  
[1.275s] -- Checking for module 'libzip'
[1.290s] --   Found libzip, version 1.7.3
[1.332s] -- Found ZIP: TRUE  
[1.333s] -- Looking for ignition-common4 -- found version 4.7.0
[1.333s] -- Looking for ignition-math6 -- found version 6.15.1
[1.334s] -- Looking for ignition-msgs8 -- found version 8.7.0
[1.337s] -- Looking for ignition-gui6 -- found version 6.8.0
[1.337s] -- Searching for dependencies of ignition-gui6
[1.353s] -- Looking for ignition-math6 -- found version 6.15.1
[1.353s] -- Looking for ignition-common4 -- found version 4.7.0
[1.353s] -- Looking for ignition-plugin1 -- found version 1.4.0
[1.354s] -- Looking for ignition-transport11 -- found version 11.4.1
[1.355s] -- Looking for ignition-rendering6 -- found version 6.6.3
[1.355s] -- Searching for dependencies of ignition-rendering6
[1.355s] -- Looking for ignition-math6 -- found version 6.15.1
[1.355s] -- Searching for dependencies of ignition-math6
[1.355s] -- Searching for <ignition-math6> component [eigen3]
[1.356s] -- Looking for ignition-math6-eigen3 -- found version 6.15.1
[1.356s] -- Searching for dependencies of ignition-math6-eigen3
[1.360s] -- Looking for ignition-common4 -- found version 4.7.0
[1.360s] -- Searching for dependencies of ignition-common4
[1.361s] -- Looking for dlfcn.h - found
[1.361s] -- Looking for libdl - found
[1.366s] -- Searching for <ignition-common4> component [graphics]
[1.367s] -- Looking for ignition-common4-graphics -- found version 4.7.0
[1.367s] -- Searching for dependencies of ignition-common4-graphics
[1.367s] -- Looking for ignition-math6 -- found version 6.15.1
[1.368s] -- Looking for ignition-utils1 -- found version 1.5.1
[1.368s] -- Searching for <ignition-common4> component [events]
[1.368s] -- Looking for ignition-plugin1 -- found version 1.4.0
[1.369s] -- Searching for dependencies of ignition-plugin1
[1.369s] -- Searching for <ignition-plugin1> component [all]
[1.370s] -- Looking for all libraries of ignition-plugin1 -- found version 1.4.0
[1.370s] -- Looking for ignition-plugin1 -- found version 1.4.0
[1.371s] -- Looking for ignition-msgs8 -- found version 8.7.0
[1.383s] -- Looking for ignition-physics5 -- found version 5.3.2
[1.384s] -- Searching for dependencies of ignition-physics5
[1.384s] -- Looking for ignition-math6 -- found version 6.15.1
[1.384s] -- Looking for ignition-plugin1 -- found version 1.4.0
[1.385s] -- Looking for ignition-utils1 -- found version 1.5.1
[1.386s] -- Searching for <ignition-physics5> component [heightmap]
[1.387s] -- Looking for ignition-physics5-heightmap -- found version 5.3.2
[1.387s] -- Searching for dependencies of ignition-physics5-heightmap
[1.387s] -- Looking for ignition-common4 -- found version 4.7.0
[1.387s] -- Searching for <ignition-physics5> component [mesh]
[1.388s] -- Looking for ignition-physics5-mesh -- found version 5.3.2
[1.388s] -- Searching for dependencies of ignition-physics5-mesh
[1.388s] -- Looking for ignition-common4 -- found version 4.7.0
[1.389s] -- Searching for <ignition-physics5> component [sdf]
[1.390s] -- Looking for ignition-physics5-sdf -- found version 5.3.2
[1.390s] -- Searching for dependencies of ignition-physics5-sdf
[1.390s] -- Looking for sdformat12 -- found version 12.8.0
[1.391s] -- Looking for ignition-sensors6 -- found version 6.8.1
[1.391s] -- Searching for dependencies of ignition-sensors6
[1.402s] -- Found Protobuf: /usr/lib/x86_64-linux-gnu/libprotobuf.so (found version "3.12.4") 
[1.403s] -- Looking for ignition-math6 -- found version 6.15.1
[1.403s] -- Looking for ignition-common4 -- found version 4.7.0
[1.404s] -- Looking for ignition-transport11 -- found version 11.4.1
[1.404s] -- Looking for ignition-rendering6 -- found version 6.6.3
[1.404s] -- Looking for ignition-msgs8 -- found version 8.7.0
[1.405s] -- Looking for sdformat12 -- found version 12.8.0
[1.405s] -- Searching for <ignition-sensors6> component [air_pressure]
[1.407s] -- Looking for ignition-sensors6-air_pressure -- found version 6.8.1
[1.407s] -- Searching for dependencies of ignition-sensors6-air_pressure
[1.407s] -- Searching for <ignition-sensors6> component [altimeter]
[1.409s] -- Looking for ignition-sensors6-altimeter -- found version 6.8.1
[1.409s] -- Searching for dependencies of ignition-sensors6-altimeter
[1.410s] -- Searching for <ignition-sensors6> component [imu]
[1.411s] -- Looking for ignition-sensors6-imu -- found version 6.8.1
[1.411s] -- Searching for dependencies of ignition-sensors6-imu
[1.412s] -- Searching for <ignition-sensors6> component [force_torque]
[1.413s] -- Looking for ignition-sensors6-force_torque -- found version 6.8.1
[1.414s] -- Searching for dependencies of ignition-sensors6-force_torque
[1.414s] -- Searching for <ignition-sensors6> component [logical_camera]
[1.415s] -- Looking for ignition-sensors6-logical_camera -- found version 6.8.1
[1.416s] -- Searching for dependencies of ignition-sensors6-logical_camera
[1.416s] -- Searching for <ignition-sensors6> component [magnetometer]
[1.418s] -- Looking for ignition-sensors6-magnetometer -- found version 6.8.1
[1.418s] -- Searching for dependencies of ignition-sensors6-magnetometer
[1.419s] -- Searching for <ignition-sensors6> component [navsat]
[1.420s] -- Looking for ignition-sensors6-navsat -- found version 6.8.1
[1.421s] -- Searching for dependencies of ignition-sensors6-navsat
[1.421s] -- Searching for <ignition-sensors6> component [rendering]
[1.422s] -- Looking for ignition-sensors6-rendering -- found version 6.8.1
[1.422s] -- Searching for dependencies of ignition-sensors6-rendering
[1.422s] -- Searching for <ignition-sensors6> component [lidar]
[1.423s] -- Looking for ignition-sensors6-lidar -- found version 6.8.1
[1.423s] -- Searching for dependencies of ignition-sensors6-lidar
[1.424s] -- Looking for ignition-sensors6 -- found version 6.8.1
[1.424s] -- Searching for <ignition-sensors6> component [gpu_lidar]
[1.425s] -- Looking for ignition-sensors6-gpu_lidar -- found version 6.8.1
[1.425s] -- Searching for dependencies of ignition-sensors6-gpu_lidar
[1.426s] -- Looking for ignition-sensors6 -- found version 6.8.1
[1.426s] -- Searching for <ignition-sensors6> component [camera]
[1.427s] -- Looking for ignition-sensors6-camera -- found version 6.8.1
[1.427s] -- Searching for dependencies of ignition-sensors6-camera
[1.428s] -- Looking for ignition-sensors6 -- found version 6.8.1
[1.428s] -- Searching for <ignition-sensors6> component [boundingbox_camera]
[1.429s] -- Looking for ignition-sensors6-boundingbox_camera -- found version 6.8.1
[1.429s] -- Searching for dependencies of ignition-sensors6-boundingbox_camera
[1.429s] -- Searching for <ignition-sensors6> component [segmentation_camera]
[1.430s] -- Looking for ignition-sensors6-segmentation_camera -- found version 6.8.1
[1.431s] -- Searching for dependencies of ignition-sensors6-segmentation_camera
[1.431s] -- Searching for <ignition-sensors6> component [depth_camera]
[1.432s] -- Looking for ignition-sensors6-depth_camera -- found version 6.8.1
[1.432s] -- Searching for dependencies of ignition-sensors6-depth_camera
[1.433s] -- Looking for ignition-sensors6 -- found version 6.8.1
[1.433s] -- Searching for <ignition-sensors6> component [rgbd_camera]
[1.434s] -- Looking for ignition-sensors6-rgbd_camera -- found version 6.8.1
[1.434s] -- Searching for dependencies of ignition-sensors6-rgbd_camera
[1.434s] -- Looking for ignition-sensors6 -- found version 6.8.1
[1.435s] -- Searching for <ignition-sensors6> component [thermal_camera]
[1.436s] -- Looking for ignition-sensors6-thermal_camera -- found version 6.8.1
[1.436s] -- Searching for dependencies of ignition-sensors6-thermal_camera
[1.436s] -- Looking for ignition-sensors6 -- found version 6.8.1
[1.437s] -- Looking for ignition-rendering6 -- found version 6.6.3
[1.437s] -- Looking for ignition-math6 -- found version 6.15.1
[1.438s] -- Looking for ignition-utils1 -- found version 1.5.1
[1.452s] -- Found ament_lint_auto: 0.12.14 (/opt/ros/humble/share/ament_lint_auto/cmake)
[1.497s] -- Configuring done
[1.501s] -- Generating done
[1.503s] -- Build files have been written to: /home/arnaudgrd/INF3995/INF3995-Templates/project_ws/build/ros_gz_example_gazebo
[1.509s] Invoked command in '/home/arnaudgrd/INF3995/INF3995-Templates/project_ws/build/ros_gz_example_gazebo' returned '0': AMENT_PREFIX_PATH=/home/arnaudgrd/INF3995/INF3995-Templates/project_ws/install/ros_gz_example_description:${AMENT_PREFIX_PATH} CMAKE_PREFIX_PATH=/home/arnaudgrd/INF3995/INF3995-Templates/project_ws/install/ros_gz_example_description:/opt/ros/humble IGN_GAZEBO_RESOURCE_PATH=/home/arnaudgrd/INF3995/INF3995-Templates/project_ws/install/ros_gz_example_description/share/ros_gz_example_description/models /usr/bin/cmake /home/arnaudgrd/INF3995/INF3995-Templates/project_ws/src/ros_gz_example_gazebo -DBUILD_TESTING=ON -DCMAKE_INSTALL_PREFIX=/home/arnaudgrd/INF3995/INF3995-Templates/project_ws/install/ros_gz_example_gazebo
[1.511s] Invoking command in '/home/arnaudgrd/INF3995/INF3995-Templates/project_ws/build/ros_gz_example_gazebo': AMENT_PREFIX_PATH=/home/arnaudgrd/INF3995/INF3995-Templates/project_ws/install/ros_gz_example_description:${AMENT_PREFIX_PATH} CMAKE_PREFIX_PATH=/home/arnaudgrd/INF3995/INF3995-Templates/project_ws/install/ros_gz_example_description:/opt/ros/humble IGN_GAZEBO_RESOURCE_PATH=/home/arnaudgrd/INF3995/INF3995-Templates/project_ws/install/ros_gz_example_description/share/ros_gz_example_description/models /usr/bin/cmake --build /home/arnaudgrd/INF3995/INF3995-Templates/project_ws/build/ros_gz_example_gazebo -- -j16 -l16
[1.545s] Invoked command in '/home/arnaudgrd/INF3995/INF3995-Templates/project_ws/build/ros_gz_example_gazebo' returned '0': AMENT_PREFIX_PATH=/home/arnaudgrd/INF3995/INF3995-Templates/project_ws/install/ros_gz_example_description:${AMENT_PREFIX_PATH} CMAKE_PREFIX_PATH=/home/arnaudgrd/INF3995/INF3995-Templates/project_ws/install/ros_gz_example_description:/opt/ros/humble IGN_GAZEBO_RESOURCE_PATH=/home/arnaudgrd/INF3995/INF3995-Templates/project_ws/install/ros_gz_example_description/share/ros_gz_example_description/models /usr/bin/cmake --build /home/arnaudgrd/INF3995/INF3995-Templates/project_ws/build/ros_gz_example_gazebo -- -j16 -l16
[1.546s] Invoking command in '/home/arnaudgrd/INF3995/INF3995-Templates/project_ws/build/ros_gz_example_gazebo': AMENT_PREFIX_PATH=/home/arnaudgrd/INF3995/INF3995-Templates/project_ws/install/ros_gz_example_description:${AMENT_PREFIX_PATH} CMAKE_PREFIX_PATH=/home/arnaudgrd/INF3995/INF3995-Templates/project_ws/install/ros_gz_example_description:/opt/ros/humble IGN_GAZEBO_RESOURCE_PATH=/home/arnaudgrd/INF3995/INF3995-Templates/project_ws/install/ros_gz_example_description/share/ros_gz_example_description/models /usr/bin/cmake --install /home/arnaudgrd/INF3995/INF3995-Templates/project_ws/build/ros_gz_example_gazebo
[1.551s] -- Install configuration: ""
[1.551s] -- Installing: /home/arnaudgrd/INF3995/INF3995-Templates/project_ws/install/ros_gz_example_gazebo/share/ros_gz_example_gazebo/worlds
[1.551s] -- Installing: /home/arnaudgrd/INF3995/INF3995-Templates/project_ws/install/ros_gz_example_gazebo/share/ros_gz_example_gazebo/worlds/diff_drive.sdf
[1.551s] -- Installing: /home/arnaudgrd/INF3995/INF3995-Templates/project_ws/install/ros_gz_example_gazebo/share/ros_gz_example_gazebo/environment/ros_gz_example_gazebo.dsv
[1.551s] -- Installing: /home/arnaudgrd/INF3995/INF3995-Templates/project_ws/install/ros_gz_example_gazebo/share/ros_gz_example_gazebo/environment/ros_gz_example_gazebo.sh
[1.551s] -- Installing: /home/arnaudgrd/INF3995/INF3995-Templates/project_ws/install/ros_gz_example_gazebo/share/ament_index/resource_index/package_run_dependencies/ros_gz_example_gazebo
[1.551s] -- Installing: /home/arnaudgrd/INF3995/INF3995-Templates/project_ws/install/ros_gz_example_gazebo/share/ament_index/resource_index/parent_prefix_path/ros_gz_example_gazebo
[1.551s] -- Installing: /home/arnaudgrd/INF3995/INF3995-Templates/project_ws/install/ros_gz_example_gazebo/share/ros_gz_example_gazebo/environment/ament_prefix_path.sh
[1.551s] -- Installing: /home/arnaudgrd/INF3995/INF3995-Templates/project_ws/install/ros_gz_example_gazebo/share/ros_gz_example_gazebo/environment/ament_prefix_path.dsv
[1.551s] -- Installing: /home/arnaudgrd/INF3995/INF3995-Templates/project_ws/install/ros_gz_example_gazebo/share/ros_gz_example_gazebo/environment/path.sh
[1.551s] -- Installing: /home/arnaudgrd/INF3995/INF3995-Templates/project_ws/install/ros_gz_example_gazebo/share/ros_gz_example_gazebo/environment/path.dsv
[1.551s] -- Installing: /home/arnaudgrd/INF3995/INF3995-Templates/project_ws/install/ros_gz_example_gazebo/share/ros_gz_example_gazebo/local_setup.bash
[1.552s] -- Installing: /home/arnaudgrd/INF3995/INF3995-Templates/project_ws/install/ros_gz_example_gazebo/share/ros_gz_example_gazebo/local_setup.sh
[1.552s] -- Installing: /home/arnaudgrd/INF3995/INF3995-Templates/project_ws/install/ros_gz_example_gazebo/share/ros_gz_example_gazebo/local_setup.zsh
[1.552s] -- Installing: /home/arnaudgrd/INF3995/INF3995-Templates/project_ws/install/ros_gz_example_gazebo/share/ros_gz_example_gazebo/local_setup.dsv
[1.552s] -- Installing: /home/arnaudgrd/INF3995/INF3995-Templates/project_ws/install/ros_gz_example_gazebo/share/ros_gz_example_gazebo/package.dsv
[1.552s] -- Installing: /home/arnaudgrd/INF3995/INF3995-Templates/project_ws/install/ros_gz_example_gazebo/share/ament_index/resource_index/packages/ros_gz_example_gazebo
[1.552s] -- Installing: /home/arnaudgrd/INF3995/INF3995-Templates/project_ws/install/ros_gz_example_gazebo/share/ros_gz_example_gazebo/cmake/ros_gz_example_gazeboConfig.cmake
[1.552s] -- Installing: /home/arnaudgrd/INF3995/INF3995-Templates/project_ws/install/ros_gz_example_gazebo/share/ros_gz_example_gazebo/cmake/ros_gz_example_gazeboConfig-version.cmake
[1.552s] -- Installing: /home/arnaudgrd/INF3995/INF3995-Templates/project_ws/install/ros_gz_example_gazebo/share/ros_gz_example_gazebo/package.xml
[1.553s] Invoked command in '/home/arnaudgrd/INF3995/INF3995-Templates/project_ws/build/ros_gz_example_gazebo' returned '0': AMENT_PREFIX_PATH=/home/arnaudgrd/INF3995/INF3995-Templates/project_ws/install/ros_gz_example_description:${AMENT_PREFIX_PATH} CMAKE_PREFIX_PATH=/home/arnaudgrd/INF3995/INF3995-Templates/project_ws/install/ros_gz_example_description:/opt/ros/humble IGN_GAZEBO_RESOURCE_PATH=/home/arnaudgrd/INF3995/INF3995-Templates/project_ws/install/ros_gz_example_description/share/ros_gz_example_description/models /usr/bin/cmake --install /home/arnaudgrd/INF3995/INF3995-Templates/project_ws/build/ros_gz_example_gazebo
