[0.007s] Invoking command in '/home/arnaudgrd/INF3995/INF3995-Templates/project_ws/build/ros_gz_example_application': /usr/bin/cmake /home/arnaudgrd/INF3995/INF3995-Templates/project_ws/src/ros_gz_example_application -DBUILD_TESTING=ON -DCMAKE_INSTALL_PREFIX=/home/arnaudgrd/INF3995/INF3995-Templates/project_ws/install/ros_gz_example_application
[0.071s] -- The C compiler identification is GNU 11.4.0
[0.141s] -- The CXX compiler identification is GNU 11.4.0
[0.146s] -- Detecting C compiler ABI info
[0.197s] -- Detecting C compiler ABI info - done
[0.201s] -- Check for working C compiler: /usr/bin/cc - skipped
[0.201s] -- Detecting C compile features
[0.202s] -- Detecting C compile features - done
[0.204s] -- Detecting CXX compiler ABI info
[0.264s] -- Detecting CXX compiler ABI info - done
[0.272s] -- Check for working CXX compiler: /usr/bin/c++ - skipped
[0.272s] -- Detecting CXX compile features
[0.272s] -- Detecting CXX compile features - done
[0.280s] -- Configuring incomplete, errors occurred!
[0.280s] See also "/home/arnaudgrd/INF3995/INF3995-Templates/project_ws/build/ros_gz_example_application/CMakeFiles/CMakeOutput.log".
[0.280s] [31mCMake Error at CMakeLists.txt:5 (find_package):
[0.280s]   By not providing "Findament_cmake.cmake" in CMAKE_MODULE_PATH this project
[0.281s]   has asked CMake to find a package configuration file provided by
[0.281s]   "ament_cmake", but CMake did not find one.
[0.281s] 
[0.281s]   Could not find a package configuration file provided by "ament_cmake" with
[0.281s]   any of the following names:
[0.281s] 
[0.281s]     ament_cmakeConfig.cmake
[0.281s]     ament_cmake-config.cmake
[0.281s] 
[0.281s]   Add the installation prefix of "ament_cmake" to CMAKE_PREFIX_PATH or set
[0.281s]   "ament_cmake_DIR" to a directory containing one of the above files.  If
[0.281s]   "ament_cmake" provides a separate development package or SDK, be sure it
[0.281s]   has been installed.
[0.281s] 
[0.281s] [0m
[0.284s] Invoked command in '/home/arnaudgrd/INF3995/INF3995-Templates/project_ws/build/ros_gz_example_application' returned '1': /usr/bin/cmake /home/arnaudgrd/INF3995/INF3995-Templates/project_ws/src/ros_gz_example_application -DBUILD_TESTING=ON -DCMAKE_INSTALL_PREFIX=/home/arnaudgrd/INF3995/INF3995-Templates/project_ws/install/ros_gz_example_application
