[0.008s] Invoking command in '/home/arnaudgrd/INF3995/INF3995-Templates/project_ws/build/ros_gz_example_description': /usr/bin/cmake /home/arnaudgrd/INF3995/INF3995-Templates/project_ws/src/ros_gz_example_description -DBUILD_TESTING=ON -DCMAKE_INSTALL_PREFIX=/home/arnaudgrd/INF3995/INF3995-Templates/project_ws/install/ros_gz_example_description
[0.073s] -- The C compiler identification is GNU 11.4.0
[0.142s] -- The CXX compiler identification is GNU 11.4.0
[0.148s] -- Detecting C compiler ABI info
[0.202s] -- Detecting C compiler ABI info - done
[0.208s] -- Check for working C compiler: /usr/bin/cc - skipped
[0.209s] -- Detecting C compile features
[0.209s] -- Detecting C compile features - done
[0.211s] -- Detecting CXX compiler ABI info
[0.267s] -- Detecting CXX compiler ABI info - done
[0.275s] -- Check for working CXX compiler: /usr/bin/c++ - skipped
[0.275s] -- Detecting CXX compile features
[0.275s] -- Detecting CXX compile features - done
[0.286s] [31mCMake Error at CMakeLists.txt:5 (find_package):
[0.286s]   By not providing "Findament_cmake.cmake" in CMAKE_MODULE_PATH this project
[0.286s]   has asked CMake to find a package configuration file provided by
[0.287s]   "ament_cmake", but CMake did not find one.
[0.287s] 
[0.287s]   Could not find a package configuration file provided by "ament_cmake" with
[0.287s]   any of the following names:
[0.287s] 
[0.287s]     ament_cmakeConfig.cmake
[0.287s]     ament_cmake-config.cmake
[0.287s] 
[0.287s]   Add the installation prefix of "ament_cmake" to CMAKE_PREFIX_PATH or set
[0.287s]   "ament_cmake_DIR" to a directory containing one of the above files.  If
[0.287s]   "ament_cmake" provides a separate development package or SDK, be sure it
[0.287s]   has been installed.
[0.287s] 
[0.287s] [0m
[0.287s] -- Configuring incomplete, errors occurred!
[0.287s] See also "/home/arnaudgrd/INF3995/INF3995-Templates/project_ws/build/ros_gz_example_description/CMakeFiles/CMakeOutput.log".
[0.290s] Invoked command in '/home/arnaudgrd/INF3995/INF3995-Templates/project_ws/build/ros_gz_example_description' returned '1': /usr/bin/cmake /home/arnaudgrd/INF3995/INF3995-Templates/project_ws/src/ros_gz_example_description -DBUILD_TESTING=ON -DCMAKE_INSTALL_PREFIX=/home/arnaudgrd/INF3995/INF3995-Templates/project_ws/install/ros_gz_example_description
